

At Tue Oct 28 15:59:13 2025


PID 44454 received SIGSEGV for address: 0x0
/home/godslayerakp/Documents/git-repos/RedMan13/RagNag/node_modules/segfault-raub/bin-linux/segfault.node(+0x1708f)[0x7fa23cfee08f]
/usr/lib/x86_64-linux-gnu/libc.so.6(+0x42520)[0x7fa265442520]
/home/godslayerakp/Documents/git-repos/RedMan13/RagNag/node_modules/canvas/build/Release/libgobject-2.0.so.0(g_type_check_instance_is_fundamentally_a+0xd)[0x7fa26425985d]
/home/godslayerakp/Documents/git-repos/RedMan13/RagNag/node_modules/canvas/build/Release/libgobject-2.0.so.0(g_object_unref+0x15)[0x7fa2642382d5]
/home/godslayerakp/Documents/git-repos/RedMan13/RagNag/node_modules/canvas/build/Release/canvas.node(_ZN5Image17loadSVGFromBufferEPhj+0x9f)[0x7fa2657aae5f]
/home/godslayerakp/Documents/git-repos/RedMan13/RagNag/node_modules/canvas/build/Release/canvas.node(_ZN5Image14loadFromBufferEPhj+0xf2)[0x7fa2657ac332]
/home/godslayerakp/Documents/git-repos/RedMan13/RagNag/node_modules/canvas/build/Release/canvas.node(_ZN5Image9SetSourceERKN4Napi12CallbackInfoE+0x4f0)[0x7fa2657acb80]
/home/godslayerakp/Documents/git-repos/RedMan13/RagNag/node_modules/canvas/build/Release/canvas.node(_ZN4Napi7details12CallbackDataIPFvRKNS_12CallbackInfoEEvE7WrapperEP10napi_env__P20napi_callback_info__+0xa8)[0x7fa2657ad748]
node[0xc5c525]
node(_ZN2v88internal25FunctionCallbackArguments4CallENS0_15CallHandlerInfoE+0x12f)[0xf6e88f]
node[0xf6f0fd]
node(_ZN2v88internal21Builtin_HandleApiCallEiPmPNS0_7IsolateE+0x115)[0xf6f5c5]
node[0x1979df6]


At Tue Oct 28 16:00:00 2025


PID 44563 received SIGSEGV for address: 0x0
/home/godslayerakp/Documents/git-repos/RedMan13/RagNag/node_modules/segfault-raub/bin-linux/segfault.node(+0x1708f)[0x71725c06908f]
/usr/lib/x86_64-linux-gnu/libc.so.6(+0x42520)[0x717260442520]
/home/godslayerakp/Documents/git-repos/RedMan13/RagNag/node_modules/canvas/build/Release/libgobject-2.0.so.0(g_type_check_instance_is_fundamentally_a+0xd)[0x71725d10d85d]
/home/godslayerakp/Documents/git-repos/RedMan13/RagNag/node_modules/canvas/build/Release/libgobject-2.0.so.0(g_object_unref+0x15)[0x71725d0ec2d5]
/home/godslayerakp/Documents/git-repos/RedMan13/RagNag/node_modules/canvas/build/Release/canvas.node(_ZN5Image17loadSVGFromBufferEPhj+0x9f)[0x71725d3c5e5f]
/home/godslayerakp/Documents/git-repos/RedMan13/RagNag/node_modules/canvas/build/Release/canvas.node(_ZN5Image14loadFromBufferEPhj+0xf2)[0x71725d3c7332]
/home/godslayerakp/Documents/git-repos/RedMan13/RagNag/node_modules/canvas/build/Release/canvas.node(_ZN5Image9SetSourceERKN4Napi12CallbackInfoE+0x4f0)[0x71725d3c7b80]
/home/godslayerakp/Documents/git-repos/RedMan13/RagNag/node_modules/canvas/build/Release/canvas.node(_ZN4Napi7details12CallbackDataIPFvRKNS_12CallbackInfoEEvE7WrapperEP10napi_env__P20napi_callback_info__+0xa8)[0x71725d3c8748]
node[0xc5c525]
node(_ZN2v88internal25FunctionCallbackArguments4CallENS0_15CallHandlerInfoE+0x12f)[0xf6e88f]
node[0xf6f0fd]
node(_ZN2v88internal21Builtin_HandleApiCallEiPmPNS0_7IsolateE+0x115)[0xf6f5c5]
node[0x1979df6]


At Tue Oct 28 16:00:43 2025


PID 44672 received SIGSEGV for address: 0x0
/home/godslayerakp/Documents/git-repos/RedMan13/RagNag/node_modules/segfault-raub/bin-linux/segfault.node(+0x1708f)[0x75ae1ec6d08f]
/usr/lib/x86_64-linux-gnu/libc.so.6(+0x42520)[0x75ae57242520]
/home/godslayerakp/Documents/git-repos/RedMan13/RagNag/node_modules/canvas/build/Release/libgobject-2.0.so.0(g_type_check_instance_is_fundamentally_a+0xd)[0x75ae1fe8c85d]
/home/godslayerakp/Documents/git-repos/RedMan13/RagNag/node_modules/canvas/build/Release/libgobject-2.0.so.0(g_object_unref+0x15)[0x75ae1fe6b2d5]
/home/godslayerakp/Documents/git-repos/RedMan13/RagNag/node_modules/canvas/build/Release/canvas.node(_ZN5Image17loadSVGFromBufferEPhj+0x9f)[0x75ae541c5e5f]
/home/godslayerakp/Documents/git-repos/RedMan13/RagNag/node_modules/canvas/build/Release/canvas.node(_ZN5Image14loadFromBufferEPhj+0xf2)[0x75ae541c7332]
/home/godslayerakp/Documents/git-repos/RedMan13/RagNag/node_modules/canvas/build/Release/canvas.node(_ZN5Image9SetSourceERKN4Napi12CallbackInfoE+0x4f0)[0x75ae541c7b80]
/home/godslayerakp/Documents/git-repos/RedMan13/RagNag/node_modules/canvas/build/Release/canvas.node(_ZN4Napi7details12CallbackDataIPFvRKNS_12CallbackInfoEEvE7WrapperEP10napi_env__P20napi_callback_info__+0xa8)[0x75ae541c8748]
node[0xc5c525]
node(_ZN2v88internal25FunctionCallbackArguments4CallENS0_15CallHandlerInfoE+0x12f)[0xf6e88f]
node[0xf6f0fd]
node(_ZN2v88internal21Builtin_HandleApiCallEiPmPNS0_7IsolateE+0x115)[0xf6f5c5]
node[0x1979df6]


At Tue Oct 28 16:01:44 2025


PID 44828 received SIGSEGV for address: 0x0
/home/godslayerakp/Documents/git-repos/RedMan13/RagNag/node_modules/segfault-raub/bin-linux/segfault.node(+0x1708f)[0x71686142908f]
/usr/lib/x86_64-linux-gnu/libc.so.6(+0x42520)[0x716889842520]
/home/godslayerakp/Documents/git-repos/RedMan13/RagNag/node_modules/canvas/build/Release/libgobject-2.0.so.0(g_type_check_instance_is_fundamentally_a+0xd)[0x71688868a85d]
/home/godslayerakp/Documents/git-repos/RedMan13/RagNag/node_modules/canvas/build/Release/libgobject-2.0.so.0(g_object_unref+0x15)[0x7168886692d5]
/home/godslayerakp/Documents/git-repos/RedMan13/RagNag/node_modules/canvas/build/Release/canvas.node(_ZN5Image17loadSVGFromBufferEPhj+0x9f)[0x716889bcbe5f]
/home/godslayerakp/Documents/git-repos/RedMan13/RagNag/node_modules/canvas/build/Release/canvas.node(_ZN5Image14loadFromBufferEPhj+0xf2)[0x716889bcd332]
/home/godslayerakp/Documents/git-repos/RedMan13/RagNag/node_modules/canvas/build/Release/canvas.node(_ZN5Image9SetSourceERKN4Napi12CallbackInfoE+0x4f0)[0x716889bcdb80]
/home/godslayerakp/Documents/git-repos/RedMan13/RagNag/node_modules/canvas/build/Release/canvas.node(_ZN4Napi7details12CallbackDataIPFvRKNS_12CallbackInfoEEvE7WrapperEP10napi_env__P20napi_callback_info__+0xa8)[0x716889bce748]
node[0xc5c525]
node(_ZN2v88internal25FunctionCallbackArguments4CallENS0_15CallHandlerInfoE+0x12f)[0xf6e88f]
node[0xf6f0fd]
node(_ZN2v88internal21Builtin_HandleApiCallEiPmPNS0_7IsolateE+0x115)[0xf6f5c5]
node[0x1979df6]


At Tue Oct 28 16:02:50 2025


PID 44950 received SIGSEGV for address: 0x0
/home/godslayerakp/Documents/git-repos/RedMan13/RagNag/node_modules/segfault-raub/bin-linux/segfault.node(+0x1708f)[0x7685dc13308f]
/usr/lib/x86_64-linux-gnu/libc.so.6(+0x42520)[0x7685dfc42520]
/home/godslayerakp/Documents/git-repos/RedMan13/RagNag/node_modules/canvas/build/Release/libgobject-2.0.so.0(g_type_check_instance_is_fundamentally_a+0xd)[0x7685dca3185d]
/home/godslayerakp/Documents/git-repos/RedMan13/RagNag/node_modules/canvas/build/Release/libgobject-2.0.so.0(g_object_unref+0x15)[0x7685dca102d5]
/home/godslayerakp/Documents/git-repos/RedMan13/RagNag/node_modules/canvas/build/Release/canvas.node(_ZN5Image17loadSVGFromBufferEPhj+0x9f)[0x7685dff4be5f]
/home/godslayerakp/Documents/git-repos/RedMan13/RagNag/node_modules/canvas/build/Release/canvas.node(_ZN5Image14loadFromBufferEPhj+0xf2)[0x7685dff4d332]
/home/godslayerakp/Documents/git-repos/RedMan13/RagNag/node_modules/canvas/build/Release/canvas.node(_ZN5Image9SetSourceERKN4Napi12CallbackInfoE+0x4f0)[0x7685dff4db80]
/home/godslayerakp/Documents/git-repos/RedMan13/RagNag/node_modules/canvas/build/Release/canvas.node(_ZN4Napi7details12CallbackDataIPFvRKNS_12CallbackInfoEEvE7WrapperEP10napi_env__P20napi_callback_info__+0xa8)[0x7685dff4e748]
node[0xc5c525]
node(_ZN2v88internal25FunctionCallbackArguments4CallENS0_15CallHandlerInfoE+0x12f)[0xf6e88f]
node[0xf6f0fd]
node(_ZN2v88internal21Builtin_HandleApiCallEiPmPNS0_7IsolateE+0x115)[0xf6f5c5]
node[0x1979df6]


At Tue Oct 28 16:03:05 2025


PID 45106 received SIGSEGV for address: 0x0
/home/godslayerakp/Documents/git-repos/RedMan13/RagNag/node_modules/segfault-raub/bin-linux/segfault.node(+0x1708f)[0x78174f3d808f]
/usr/lib/x86_64-linux-gnu/libc.so.6(+0x42520)[0x781787842520]
/home/godslayerakp/Documents/git-repos/RedMan13/RagNag/node_modules/canvas/build/Release/libgobject-2.0.so.0(g_type_check_instance_is_fundamentally_a+0xd)[0x78178463185d]
/home/godslayerakp/Documents/git-repos/RedMan13/RagNag/node_modules/canvas/build/Release/libgobject-2.0.so.0(g_object_unref+0x15)[0x7817846102d5]
/home/godslayerakp/Documents/git-repos/RedMan13/RagNag/node_modules/canvas/build/Release/canvas.node(_ZN5Image17loadSVGFromBufferEPhj+0x9f)[0x781787b4be5f]
/home/godslayerakp/Documents/git-repos/RedMan13/RagNag/node_modules/canvas/build/Release/canvas.node(_ZN5Image14loadFromBufferEPhj+0xf2)[0x781787b4d332]
/home/godslayerakp/Documents/git-repos/RedMan13/RagNag/node_modules/canvas/build/Release/canvas.node(_ZN5Image9SetSourceERKN4Napi12CallbackInfoE+0x4f0)[0x781787b4db80]
/home/godslayerakp/Documents/git-repos/RedMan13/RagNag/node_modules/canvas/build/Release/canvas.node(_ZN4Napi7details12CallbackDataIPFvRKNS_12CallbackInfoEEvE7WrapperEP10napi_env__P20napi_callback_info__+0xa8)[0x781787b4e748]
node[0xc5c525]
node(_ZN2v88internal25FunctionCallbackArguments4CallENS0_15CallHandlerInfoE+0x12f)[0xf6e88f]
node[0xf6f0fd]
node(_ZN2v88internal21Builtin_HandleApiCallEiPmPNS0_7IsolateE+0x115)[0xf6f5c5]
node[0x1979df6]


At Tue Oct 28 16:08:18 2025


PID 45635 received SIGSEGV for address: 0x0
/home/godslayerakp/Documents/git-repos/RedMan13/RagNag/node_modules/segfault-raub/bin-linux/segfault.node(+0x1708f)[0x741ef805308f]
/usr/lib/x86_64-linux-gnu/libc.so.6(+0x42520)[0x741efbc42520]
/home/godslayerakp/Documents/git-repos/RedMan13/RagNag/node_modules/canvas/build/Release/libgobject-2.0.so.0(g_type_check_instance_is_fundamentally_a+0xd)[0x741ef890d85d]
/home/godslayerakp/Documents/git-repos/RedMan13/RagNag/node_modules/canvas/build/Release/libgobject-2.0.so.0(g_object_unref+0x15)[0x741ef88ec2d5]
/home/godslayerakp/Documents/git-repos/RedMan13/RagNag/node_modules/canvas/build/Release/canvas.node(_ZN5Image17loadSVGFromBufferEPhj+0x9f)[0x741ef8bc5e5f]
/home/godslayerakp/Documents/git-repos/RedMan13/RagNag/node_modules/canvas/build/Release/canvas.node(_ZN5Image14loadFromBufferEPhj+0xf2)[0x741ef8bc7332]
/home/godslayerakp/Documents/git-repos/RedMan13/RagNag/node_modules/canvas/build/Release/canvas.node(_ZN5Image9SetSourceERKN4Napi12CallbackInfoE+0x4f0)[0x741ef8bc7b80]
/home/godslayerakp/Documents/git-repos/RedMan13/RagNag/node_modules/canvas/build/Release/canvas.node(_ZN4Napi7details12CallbackDataIPFvRKNS_12CallbackInfoEEvE7WrapperEP10napi_env__P20napi_callback_info__+0xa8)[0x741ef8bc8748]
node[0xc5c525]
node(_ZN2v88internal25FunctionCallbackArguments4CallENS0_15CallHandlerInfoE+0x12f)[0xf6e88f]
node[0xf6f0fd]
node(_ZN2v88internal21Builtin_HandleApiCallEiPmPNS0_7IsolateE+0x115)[0xf6f5c5]
node[0x1979df6]


At Tue Oct 28 16:08:34 2025


PID 45761 received SIGSEGV for address: 0x0
/home/godslayerakp/Documents/git-repos/RedMan13/RagNag/node_modules/segfault-raub/bin-linux/segfault.node(+0x1708f)[0x7b148e9ee08f]
/usr/lib/x86_64-linux-gnu/libc.so.6(+0x42520)[0x7b14bee42520]
/home/godslayerakp/Documents/git-repos/RedMan13/RagNag/node_modules/canvas/build/Release/libgobject-2.0.so.0(g_type_check_instance_is_fundamentally_a+0xd)[0x7b14bc45685d]
/home/godslayerakp/Documents/git-repos/RedMan13/RagNag/node_modules/canvas/build/Release/libgobject-2.0.so.0(g_object_unref+0x15)[0x7b14bc4352d5]
/home/godslayerakp/Documents/git-repos/RedMan13/RagNag/node_modules/canvas/build/Release/canvas.node(_ZN5Image17loadSVGFromBufferEPhj+0x9f)[0x7b14bf1aae5f]
/home/godslayerakp/Documents/git-repos/RedMan13/RagNag/node_modules/canvas/build/Release/canvas.node(_ZN5Image14loadFromBufferEPhj+0xf2)[0x7b14bf1ac332]
/home/godslayerakp/Documents/git-repos/RedMan13/RagNag/node_modules/canvas/build/Release/canvas.node(_ZN5Image9SetSourceERKN4Napi12CallbackInfoE+0x4f0)[0x7b14bf1acb80]
/home/godslayerakp/Documents/git-repos/RedMan13/RagNag/node_modules/canvas/build/Release/canvas.node(_ZN4Napi7details12CallbackDataIPFvRKNS_12CallbackInfoEEvE7WrapperEP10napi_env__P20napi_callback_info__+0xa8)[0x7b14bf1ad748]
node[0xc5c525]
node(_ZN2v88internal25FunctionCallbackArguments4CallENS0_15CallHandlerInfoE+0x12f)[0xf6e88f]
node[0xf6f0fd]
node(_ZN2v88internal21Builtin_HandleApiCallEiPmPNS0_7IsolateE+0x115)[0xf6f5c5]
node[0x1979df6]


At Tue Oct 28 16:09:42 2025


PID 45975 received SIGSEGV for address: 0x0
/home/godslayerakp/Documents/git-repos/RedMan13/RagNag/node_modules/segfault-raub/bin-linux/segfault.node(+0x1708f)[0x7266b008808f]
/usr/lib/x86_64-linux-gnu/libc.so.6(+0x42520)[0x7266b3a42520]
/home/godslayerakp/Documents/git-repos/RedMan13/RagNag/node_modules/canvas/build/Release/libgobject-2.0.so.0(g_type_check_instance_is_fundamentally_a+0xd)[0x7266b07dd85d]
/home/godslayerakp/Documents/git-repos/RedMan13/RagNag/node_modules/canvas/build/Release/libgobject-2.0.so.0(g_object_unref+0x15)[0x7266b07bc2d5]
/home/godslayerakp/Documents/git-repos/RedMan13/RagNag/node_modules/canvas/build/Release/canvas.node(_ZN5Image17loadSVGFromBufferEPhj+0x9f)[0x7266b3d4be5f]
/home/godslayerakp/Documents/git-repos/RedMan13/RagNag/node_modules/canvas/build/Release/canvas.node(_ZN5Image14loadFromBufferEPhj+0xf2)[0x7266b3d4d332]
/home/godslayerakp/Documents/git-repos/RedMan13/RagNag/node_modules/canvas/build/Release/canvas.node(_ZN5Image9SetSourceERKN4Napi12CallbackInfoE+0x4f0)[0x7266b3d4db80]
/home/godslayerakp/Documents/git-repos/RedMan13/RagNag/node_modules/canvas/build/Release/canvas.node(_ZN4Napi7details12CallbackDataIPFvRKNS_12CallbackInfoEEvE7WrapperEP10napi_env__P20napi_callback_info__+0xa8)[0x7266b3d4e748]
node[0xc5c525]
node(_ZN2v88internal25FunctionCallbackArguments4CallENS0_15CallHandlerInfoE+0x12f)[0xf6e88f]
node[0xf6f0fd]
node(_ZN2v88internal21Builtin_HandleApiCallEiPmPNS0_7IsolateE+0x115)[0xf6f5c5]
node[0x1979df6]


At Sun Mar 29 19:11:57 2026


PID 315328 received SIGSEGV for address: 0x7657584f6558
/home/godslayerakp/Documents/git-repos/RedMan13/RagNag/node_modules/segfault-raub/bin-linux/segfault.node(+0x1708f)[0x7657591ef08f]
/lib/x86_64-linux-gnu/libc.so.6(+0x45330)[0x765781645330]
/lib/x86_64-linux-gnu/libwayland-client.so.0(+0x6245)[0x76575855d245]
/lib/x86_64-linux-gnu/libwayland-client.so.0(+0x7568)[0x76575855e568]
/lib/x86_64-linux-gnu/libwayland-client.so.0(wl_display_disconnect+0x7a)[0x76575855e89a]
/home/godslayerakp/Documents/git-repos/RedMan13/RagNag/node_modules/glfw-raub/bin-linux/../../deps-opengl-raub/bin-linux/libglfw.so.3(+0x34af8)[0x76575859baf8]
/home/godslayerakp/Documents/git-repos/RedMan13/RagNag/node_modules/glfw-raub/bin-linux/../../deps-opengl-raub/bin-linux/libglfw.so.3(+0xf1b2)[0x7657585761b2]
/home/godslayerakp/Documents/git-repos/RedMan13/RagNag/node_modules/glfw-raub/bin-linux/../../deps-opengl-raub/bin-linux/libglfw.so.3(glfwTerminate+0x17)[0x7657585770d3]
/lib/x86_64-linux-gnu/libc.so.6(+0x47a76)[0x765781647a76]
/lib/x86_64-linux-gnu/libc.so.6(+0x47bbe)[0x765781647bbe]
node(_ZN4node33DefaultProcessExitHandlerInternalEPNS_11EnvironmentENS_8ExitCodeE+0x6f)[0xbbf62f]
node(_ZN4node11Environment4ExitENS_8ExitCodeE+0x9f)[0xc1ef0f]
node(_ZN2v88internal25FunctionCallbackArguments4CallENS0_15CallHandlerInfoE+0x12f)[0xf4e54f]
node[0xf4edbd]
node(_ZN2v88internal21Builtin_HandleApiCallEiPmPNS0_7IsolateE+0x115)[0xf4f285]
node[0x1959df6]


At Sun Mar 29 19:13:55 2026


PID 315966 received SIGSEGV for address: 0x71bf5834d558
/home/godslayerakp/Documents/git-repos/RedMan13/RagNag/node_modules/segfault-raub/bin-linux/segfault.node(+0x1708f)[0x71bf5957708f]
/lib/x86_64-linux-gnu/libc.so.6(+0x45330)[0x71bf80e45330]
/lib/x86_64-linux-gnu/libwayland-client.so.0(+0x6245)[0x71bf583b4245]
/lib/x86_64-linux-gnu/libwayland-client.so.0(+0x7568)[0x71bf583b5568]
/lib/x86_64-linux-gnu/libwayland-client.so.0(wl_display_disconnect+0x7a)[0x71bf583b589a]
/home/godslayerakp/Documents/git-repos/RedMan13/RagNag/node_modules/glfw-raub/bin-linux/../../deps-opengl-raub/bin-linux/libglfw.so.3(+0x34af8)[0x71bf583f2af8]
/home/godslayerakp/Documents/git-repos/RedMan13/RagNag/node_modules/glfw-raub/bin-linux/../../deps-opengl-raub/bin-linux/libglfw.so.3(+0xf1b2)[0x71bf583cd1b2]
/home/godslayerakp/Documents/git-repos/RedMan13/RagNag/node_modules/glfw-raub/bin-linux/../../deps-opengl-raub/bin-linux/libglfw.so.3(glfwTerminate+0x17)[0x71bf583ce0d3]
/lib/x86_64-linux-gnu/libc.so.6(+0x47a76)[0x71bf80e47a76]
/lib/x86_64-linux-gnu/libc.so.6(+0x47bbe)[0x71bf80e47bbe]
node(_ZN4node33DefaultProcessExitHandlerInternalEPNS_11EnvironmentENS_8ExitCodeE+0x6f)[0xbbf62f]
node(_ZN4node11Environment4ExitENS_8ExitCodeE+0x9f)[0xc1ef0f]
node(_ZN2v88internal25FunctionCallbackArguments4CallENS0_15CallHandlerInfoE+0x12f)[0xf4e54f]
node[0xf4edbd]
node(_ZN2v88internal21Builtin_HandleApiCallEiPmPNS0_7IsolateE+0x115)[0xf4f285]
node[0x1959df6]


At Sun Mar 29 19:14:51 2026


PID 316330 received SIGSEGV for address: 0x78744a7a7558
/home/godslayerakp/Documents/git-repos/RedMan13/RagNag/node_modules/segfault-raub/bin-linux/segfault.node(+0x1708f)[0x78744b42908f]
/lib/x86_64-linux-gnu/libc.so.6(+0x45330)[0x787483845330]
/lib/x86_64-linux-gnu/libwayland-client.so.0(+0x6245)[0x78744a7c5245]
/lib/x86_64-linux-gnu/libwayland-client.so.0(+0x7568)[0x78744a7c6568]
/lib/x86_64-linux-gnu/libwayland-client.so.0(wl_display_disconnect+0x7a)[0x78744a7c689a]
/home/godslayerakp/Documents/git-repos/RedMan13/RagNag/node_modules/glfw-raub/bin-linux/../../deps-opengl-raub/bin-linux/libglfw.so.3(+0x34af8)[0x78744a803af8]
/home/godslayerakp/Documents/git-repos/RedMan13/RagNag/node_modules/glfw-raub/bin-linux/../../deps-opengl-raub/bin-linux/libglfw.so.3(+0xf1b2)[0x78744a7de1b2]
/home/godslayerakp/Documents/git-repos/RedMan13/RagNag/node_modules/glfw-raub/bin-linux/../../deps-opengl-raub/bin-linux/libglfw.so.3(glfwTerminate+0x17)[0x78744a7df0d3]
/lib/x86_64-linux-gnu/libc.so.6(+0x47a76)[0x787483847a76]
/lib/x86_64-linux-gnu/libc.so.6(+0x47bbe)[0x787483847bbe]
node(_ZN4node33DefaultProcessExitHandlerInternalEPNS_11EnvironmentENS_8ExitCodeE+0x6f)[0xbbf62f]
node(_ZN4node11Environment4ExitENS_8ExitCodeE+0x9f)[0xc1ef0f]
node(_ZN2v88internal25FunctionCallbackArguments4CallENS0_15CallHandlerInfoE+0x12f)[0xf4e54f]
node[0xf4edbd]
node(_ZN2v88internal21Builtin_HandleApiCallEiPmPNS0_7IsolateE+0x115)[0xf4f285]
node[0x1959df6]


At Sun Mar 29 19:17:45 2026


PID 317123 received SIGSEGV for address: 0x7aa8e81af558
/home/godslayerakp/Documents/git-repos/RedMan13/RagNag/node_modules/segfault-raub/bin-linux/segfault.node(+0x1708f)[0x7aa8e873008f]
/lib/x86_64-linux-gnu/libc.so.6(+0x45330)[0x7aa910c45330]
/lib/x86_64-linux-gnu/libwayland-client.so.0(+0x6245)[0x7aa8e821b245]
/lib/x86_64-linux-gnu/libwayland-client.so.0(+0x7568)[0x7aa8e821c568]
/lib/x86_64-linux-gnu/libwayland-client.so.0(wl_display_disconnect+0x7a)[0x7aa8e821c89a]
/home/godslayerakp/Documents/git-repos/RedMan13/RagNag/node_modules/glfw-raub/bin-linux/../../deps-opengl-raub/bin-linux/libglfw.so.3(+0x34af8)[0x7aa8e8259af8]
/home/godslayerakp/Documents/git-repos/RedMan13/RagNag/node_modules/glfw-raub/bin-linux/../../deps-opengl-raub/bin-linux/libglfw.so.3(+0xf1b2)[0x7aa8e82341b2]
/home/godslayerakp/Documents/git-repos/RedMan13/RagNag/node_modules/glfw-raub/bin-linux/../../deps-opengl-raub/bin-linux/libglfw.so.3(glfwTerminate+0x17)[0x7aa8e82350d3]
/lib/x86_64-linux-gnu/libc.so.6(+0x47a76)[0x7aa910c47a76]
/lib/x86_64-linux-gnu/libc.so.6(+0x47bbe)[0x7aa910c47bbe]
node(_ZN4node33DefaultProcessExitHandlerInternalEPNS_11EnvironmentENS_8ExitCodeE+0x6f)[0xbbf62f]
node(_ZN4node11Environment4ExitENS_8ExitCodeE+0x9f)[0xc1ef0f]
node(_ZN2v88internal25FunctionCallbackArguments4CallENS0_15CallHandlerInfoE+0x12f)[0xf4e54f]
node[0xf4edbd]
node(_ZN2v88internal21Builtin_HandleApiCallEiPmPNS0_7IsolateE+0x115)[0xf4f285]
node[0x1959df6]


At Sun Mar 29 19:18:18 2026


PID 317396 received SIGSEGV for address: 0x79dcba24d558
/home/godslayerakp/Documents/git-repos/RedMan13/RagNag/node_modules/segfault-raub/bin-linux/segfault.node(+0x1708f)[0x79dcbaf4508f]
/lib/x86_64-linux-gnu/libc.so.6(+0x45330)[0x79dcf3445330]
/lib/x86_64-linux-gnu/libwayland-client.so.0(+0x6245)[0x79dcba2b9245]
/lib/x86_64-linux-gnu/libwayland-client.so.0(+0x7568)[0x79dcba2ba568]
/lib/x86_64-linux-gnu/libwayland-client.so.0(wl_display_disconnect+0x7a)[0x79dcba2ba89a]
/home/godslayerakp/Documents/git-repos/RedMan13/RagNag/node_modules/glfw-raub/bin-linux/../../deps-opengl-raub/bin-linux/libglfw.so.3(+0x34af8)[0x79dcba2f7af8]
/home/godslayerakp/Documents/git-repos/RedMan13/RagNag/node_modules/glfw-raub/bin-linux/../../deps-opengl-raub/bin-linux/libglfw.so.3(+0xf1b2)[0x79dcba2d21b2]
/home/godslayerakp/Documents/git-repos/RedMan13/RagNag/node_modules/glfw-raub/bin-linux/../../deps-opengl-raub/bin-linux/libglfw.so.3(glfwTerminate+0x17)[0x79dcba2d30d3]
/lib/x86_64-linux-gnu/libc.so.6(+0x47a76)[0x79dcf3447a76]
/lib/x86_64-linux-gnu/libc.so.6(+0x47bbe)[0x79dcf3447bbe]
node(_ZN4node33DefaultProcessExitHandlerInternalEPNS_11EnvironmentENS_8ExitCodeE+0x6f)[0xbbf62f]
node(_ZN4node11Environment4ExitENS_8ExitCodeE+0x9f)[0xc1ef0f]
node(_ZN2v88internal25FunctionCallbackArguments4CallENS0_15CallHandlerInfoE+0x12f)[0xf4e54f]
node[0xf4edbd]
node(_ZN2v88internal21Builtin_HandleApiCallEiPmPNS0_7IsolateE+0x115)[0xf4f285]
node[0x1959df6]


At Sun Mar 29 19:20:56 2026


PID 318001 received SIGSEGV for address: 0x7f7751e8d558
/home/godslayerakp/Documents/git-repos/RedMan13/RagNag/node_modules/segfault-raub/bin-linux/segfault.node(+0x1708f)[0x7f7752b8708f]
/lib/x86_64-linux-gnu/libc.so.6(+0x45330)[0x7f7783045330]
/lib/x86_64-linux-gnu/libwayland-client.so.0(+0x6245)[0x7f7751ef4245]
/lib/x86_64-linux-gnu/libwayland-client.so.0(+0x7568)[0x7f7751ef5568]
/lib/x86_64-linux-gnu/libwayland-client.so.0(wl_display_disconnect+0x7a)[0x7f7751ef589a]
/home/godslayerakp/Documents/git-repos/RedMan13/RagNag/node_modules/glfw-raub/bin-linux/../../deps-opengl-raub/bin-linux/libglfw.so.3(+0x34af8)[0x7f7751f32af8]
/home/godslayerakp/Documents/git-repos/RedMan13/RagNag/node_modules/glfw-raub/bin-linux/../../deps-opengl-raub/bin-linux/libglfw.so.3(+0xf1b2)[0x7f7751f0d1b2]
/home/godslayerakp/Documents/git-repos/RedMan13/RagNag/node_modules/glfw-raub/bin-linux/../../deps-opengl-raub/bin-linux/libglfw.so.3(glfwTerminate+0x17)[0x7f7751f0e0d3]
/lib/x86_64-linux-gnu/libc.so.6(+0x47a76)[0x7f7783047a76]
/lib/x86_64-linux-gnu/libc.so.6(+0x47bbe)[0x7f7783047bbe]
node(_ZN4node33DefaultProcessExitHandlerInternalEPNS_11EnvironmentENS_8ExitCodeE+0x6f)[0xbbf62f]
node(_ZN4node11Environment4ExitENS_8ExitCodeE+0x9f)[0xc1ef0f]
node(_ZN2v88internal25FunctionCallbackArguments4CallENS0_15CallHandlerInfoE+0x12f)[0xf4e54f]
node[0xf4edbd]
node(_ZN2v88internal21Builtin_HandleApiCallEiPmPNS0_7IsolateE+0x115)[0xf4f285]
node[0x1959df6]


At Sun Mar 29 19:32:23 2026


PID 320599 received SIGSEGV for address: 0x79a7f0171558
/home/godslayerakp/Documents/git-repos/RedMan13/RagNag/node_modules/segfault-raub/bin-linux/segfault.node(+0x1708f)[0x79a7f0e3f08f]
/lib/x86_64-linux-gnu/libc.so.6(+0x45330)[0x79a819445330]
/lib/x86_64-linux-gnu/libwayland-client.so.0(+0x6245)[0x79a7f01d8245]
/lib/x86_64-linux-gnu/libwayland-client.so.0(+0x7568)[0x79a7f01d9568]
/lib/x86_64-linux-gnu/libwayland-client.so.0(wl_display_disconnect+0x7a)[0x79a7f01d989a]
/home/godslayerakp/Documents/git-repos/RedMan13/RagNag/node_modules/glfw-raub/bin-linux/../../deps-opengl-raub/bin-linux/libglfw.so.3(+0x34af8)[0x79a7f0216af8]
/home/godslayerakp/Documents/git-repos/RedMan13/RagNag/node_modules/glfw-raub/bin-linux/../../deps-opengl-raub/bin-linux/libglfw.so.3(+0xf1b2)[0x79a7f01f11b2]
/home/godslayerakp/Documents/git-repos/RedMan13/RagNag/node_modules/glfw-raub/bin-linux/../../deps-opengl-raub/bin-linux/libglfw.so.3(glfwTerminate+0x17)[0x79a7f01f20d3]
/lib/x86_64-linux-gnu/libc.so.6(+0x47a76)[0x79a819447a76]
/lib/x86_64-linux-gnu/libc.so.6(+0x47bbe)[0x79a819447bbe]
node(_ZN4node33DefaultProcessExitHandlerInternalEPNS_11EnvironmentENS_8ExitCodeE+0x6f)[0xbbf62f]
node(_ZN4node11Environment4ExitENS_8ExitCodeE+0x9f)[0xc1ef0f]
node(_ZN2v88internal25FunctionCallbackArguments4CallENS0_15CallHandlerInfoE+0x12f)[0xf4e54f]
node[0xf4edbd]
node(_ZN2v88internal21Builtin_HandleApiCallEiPmPNS0_7IsolateE+0x115)[0xf4f285]
node[0x1959df6]


At Sun Mar 29 19:34:17 2026


PID 321190 received SIGSEGV for address: 0x71752f39b558
/home/godslayerakp/Documents/git-repos/RedMan13/RagNag/node_modules/segfault-raub/bin-linux/segfault.node(+0x1708f)[0x71756405808f]
/lib/x86_64-linux-gnu/libc.so.6(+0x45330)[0x717568445330]
/lib/x86_64-linux-gnu/libwayland-client.so.0(+0x6245)[0x71752f3be245]
/lib/x86_64-linux-gnu/libwayland-client.so.0(+0x7568)[0x71752f3bf568]
/lib/x86_64-linux-gnu/libwayland-client.so.0(wl_display_disconnect+0x7a)[0x71752f3bf89a]
/home/godslayerakp/Documents/git-repos/RedMan13/RagNag/node_modules/glfw-raub/bin-linux/../../deps-opengl-raub/bin-linux/libglfw.so.3(+0x34af8)[0x71752f3fcaf8]
/home/godslayerakp/Documents/git-repos/RedMan13/RagNag/node_modules/glfw-raub/bin-linux/../../deps-opengl-raub/bin-linux/libglfw.so.3(+0xf1b2)[0x71752f3d71b2]
/home/godslayerakp/Documents/git-repos/RedMan13/RagNag/node_modules/glfw-raub/bin-linux/../../deps-opengl-raub/bin-linux/libglfw.so.3(glfwTerminate+0x17)[0x71752f3d80d3]
/lib/x86_64-linux-gnu/libc.so.6(+0x47a76)[0x717568447a76]
/lib/x86_64-linux-gnu/libc.so.6(+0x47bbe)[0x717568447bbe]
node(_ZN4node33DefaultProcessExitHandlerInternalEPNS_11EnvironmentENS_8ExitCodeE+0x6f)[0xbbf62f]
node(_ZN4node11Environment4ExitENS_8ExitCodeE+0x9f)[0xc1ef0f]
node(_ZN2v88internal25FunctionCallbackArguments4CallENS0_15CallHandlerInfoE+0x12f)[0xf4e54f]
node[0xf4edbd]
node(_ZN2v88internal21Builtin_HandleApiCallEiPmPNS0_7IsolateE+0x115)[0xf4f285]
node[0x1959df6]


At Sun Mar 29 19:34:57 2026


PID 321436 received SIGSEGV for address: 0x7774e2234558
/home/godslayerakp/Documents/git-repos/RedMan13/RagNag/node_modules/segfault-raub/bin-linux/segfault.node(+0x1708f)[0x7774e2f2508f]
/lib/x86_64-linux-gnu/libc.so.6(+0x45330)[0x77751b445330]
/lib/x86_64-linux-gnu/libwayland-client.so.0(+0x6245)[0x7774e2296245]
/lib/x86_64-linux-gnu/libwayland-client.so.0(+0x7568)[0x7774e2297568]
/lib/x86_64-linux-gnu/libwayland-client.so.0(wl_display_disconnect+0x7a)[0x7774e229789a]
/home/godslayerakp/Documents/git-repos/RedMan13/RagNag/node_modules/glfw-raub/bin-linux/../../deps-opengl-raub/bin-linux/libglfw.so.3(+0x34af8)[0x7774e22d4af8]
/home/godslayerakp/Documents/git-repos/RedMan13/RagNag/node_modules/glfw-raub/bin-linux/../../deps-opengl-raub/bin-linux/libglfw.so.3(+0xf1b2)[0x7774e22af1b2]
/home/godslayerakp/Documents/git-repos/RedMan13/RagNag/node_modules/glfw-raub/bin-linux/../../deps-opengl-raub/bin-linux/libglfw.so.3(glfwTerminate+0x17)[0x7774e22b00d3]
/lib/x86_64-linux-gnu/libc.so.6(+0x47a76)[0x77751b447a76]
/lib/x86_64-linux-gnu/libc.so.6(+0x47bbe)[0x77751b447bbe]
node(_ZN4node33DefaultProcessExitHandlerInternalEPNS_11EnvironmentENS_8ExitCodeE+0x6f)[0xbbf62f]
node(_ZN4node11Environment4ExitENS_8ExitCodeE+0x9f)[0xc1ef0f]
node(_ZN2v88internal25FunctionCallbackArguments4CallENS0_15CallHandlerInfoE+0x12f)[0xf4e54f]
node[0xf4edbd]
node(_ZN2v88internal21Builtin_HandleApiCallEiPmPNS0_7IsolateE+0x115)[0xf4f285]
node[0x1959df6]


At Sun Mar 29 19:35:31 2026


PID 321846 received SIGSEGV for address: 0x76e543f76558
/home/godslayerakp/Documents/git-repos/RedMan13/RagNag/node_modules/segfault-raub/bin-linux/segfault.node(+0x1708f)[0x76e57846a08f]
/lib/x86_64-linux-gnu/libc.so.6(+0x45330)[0x76e57c045330]
/lib/x86_64-linux-gnu/libwayland-client.so.0(+0x6245)[0x76e57800e245]
/lib/x86_64-linux-gnu/libwayland-client.so.0(+0x7568)[0x76e57800f568]
/lib/x86_64-linux-gnu/libwayland-client.so.0(wl_display_disconnect+0x7a)[0x76e57800f89a]
/home/godslayerakp/Documents/git-repos/RedMan13/RagNag/node_modules/glfw-raub/bin-linux/../../deps-opengl-raub/bin-linux/libglfw.so.3(+0x34af8)[0x76e542d9eaf8]
/home/godslayerakp/Documents/git-repos/RedMan13/RagNag/node_modules/glfw-raub/bin-linux/../../deps-opengl-raub/bin-linux/libglfw.so.3(+0xf1b2)[0x76e542d791b2]
/home/godslayerakp/Documents/git-repos/RedMan13/RagNag/node_modules/glfw-raub/bin-linux/../../deps-opengl-raub/bin-linux/libglfw.so.3(glfwTerminate+0x17)[0x76e542d7a0d3]
/lib/x86_64-linux-gnu/libc.so.6(+0x47a76)[0x76e57c047a76]
/lib/x86_64-linux-gnu/libc.so.6(+0x47bbe)[0x76e57c047bbe]
node(_ZN4node33DefaultProcessExitHandlerInternalEPNS_11EnvironmentENS_8ExitCodeE+0x6f)[0xbbf62f]
node(_ZN4node11Environment4ExitENS_8ExitCodeE+0x9f)[0xc1ef0f]
node(_ZN2v88internal25FunctionCallbackArguments4CallENS0_15CallHandlerInfoE+0x12f)[0xf4e54f]
node[0xf4edbd]
node(_ZN2v88internal21Builtin_HandleApiCallEiPmPNS0_7IsolateE+0x115)[0xf4f285]
node[0x1959df6]


At Sun Mar 29 19:37:08 2026


PID 322355 received SIGSEGV for address: 0x7aa4d1e22558
/home/godslayerakp/Documents/git-repos/RedMan13/RagNag/node_modules/segfault-raub/bin-linux/segfault.node(+0x1708f)[0x7aa4d2b2408f]
/lib/x86_64-linux-gnu/libc.so.6(+0x45330)[0x7aa503045330]
/lib/x86_64-linux-gnu/libwayland-client.so.0(+0x6245)[0x7aa4d1e8e245]
/lib/x86_64-linux-gnu/libwayland-client.so.0(+0x7568)[0x7aa4d1e8f568]
/lib/x86_64-linux-gnu/libwayland-client.so.0(wl_display_disconnect+0x7a)[0x7aa4d1e8f89a]
/home/godslayerakp/Documents/git-repos/RedMan13/RagNag/node_modules/glfw-raub/bin-linux/../../deps-opengl-raub/bin-linux/libglfw.so.3(+0x34af8)[0x7aa4d1eccaf8]
/home/godslayerakp/Documents/git-repos/RedMan13/RagNag/node_modules/glfw-raub/bin-linux/../../deps-opengl-raub/bin-linux/libglfw.so.3(+0xf1b2)[0x7aa4d1ea71b2]
/home/godslayerakp/Documents/git-repos/RedMan13/RagNag/node_modules/glfw-raub/bin-linux/../../deps-opengl-raub/bin-linux/libglfw.so.3(glfwTerminate+0x17)[0x7aa4d1ea80d3]
/lib/x86_64-linux-gnu/libc.so.6(+0x47a76)[0x7aa503047a76]
/lib/x86_64-linux-gnu/libc.so.6(+0x47bbe)[0x7aa503047bbe]
node(_ZN4node33DefaultProcessExitHandlerInternalEPNS_11EnvironmentENS_8ExitCodeE+0x6f)[0xbbf62f]
node(_ZN4node11Environment4ExitENS_8ExitCodeE+0x9f)[0xc1ef0f]
node(_ZN2v88internal25FunctionCallbackArguments4CallENS0_15CallHandlerInfoE+0x12f)[0xf4e54f]
node[0xf4edbd]
node(_ZN2v88internal21Builtin_HandleApiCallEiPmPNS0_7IsolateE+0x115)[0xf4f285]
node[0x1959df6]


At Sun Mar 29 19:38:13 2026


PID 322768 received SIGSEGV for address: 0x79f4f2902558
/home/godslayerakp/Documents/git-repos/RedMan13/RagNag/node_modules/segfault-raub/bin-linux/segfault.node(+0x1708f)[0x79f4f35d608f]
/lib/x86_64-linux-gnu/libc.so.6(+0x45330)[0x79f52ba45330]
/lib/x86_64-linux-gnu/libwayland-client.so.0(+0x6245)[0x79f4f295d245]
/lib/x86_64-linux-gnu/libwayland-client.so.0(+0x7568)[0x79f4f295e568]
/lib/x86_64-linux-gnu/libwayland-client.so.0(wl_display_disconnect+0x7a)[0x79f4f295e89a]
/home/godslayerakp/Documents/git-repos/RedMan13/RagNag/node_modules/glfw-raub/bin-linux/../../deps-opengl-raub/bin-linux/libglfw.so.3(+0x34af8)[0x79f4f299baf8]
/home/godslayerakp/Documents/git-repos/RedMan13/RagNag/node_modules/glfw-raub/bin-linux/../../deps-opengl-raub/bin-linux/libglfw.so.3(+0xf1b2)[0x79f4f29761b2]
/home/godslayerakp/Documents/git-repos/RedMan13/RagNag/node_modules/glfw-raub/bin-linux/../../deps-opengl-raub/bin-linux/libglfw.so.3(glfwTerminate+0x17)[0x79f4f29770d3]
/lib/x86_64-linux-gnu/libc.so.6(+0x47a76)[0x79f52ba47a76]
/lib/x86_64-linux-gnu/libc.so.6(+0x47bbe)[0x79f52ba47bbe]
node(_ZN4node33DefaultProcessExitHandlerInternalEPNS_11EnvironmentENS_8ExitCodeE+0x6f)[0xbbf62f]
node(_ZN4node11Environment4ExitENS_8ExitCodeE+0x9f)[0xc1ef0f]
node(_ZN2v88internal25FunctionCallbackArguments4CallENS0_15CallHandlerInfoE+0x12f)[0xf4e54f]
node[0xf4edbd]
node(_ZN2v88internal21Builtin_HandleApiCallEiPmPNS0_7IsolateE+0x115)[0xf4f285]
node[0x1959df6]


At Sun Mar 29 19:46:16 2026


PID 324557 received SIGSEGV for address: 0x7b8924486558
/home/godslayerakp/Documents/git-repos/RedMan13/RagNag/node_modules/segfault-raub/bin-linux/segfault.node(+0x1708f)[0x7b892516d08f]
/lib/x86_64-linux-gnu/libc.so.6(+0x45330)[0x7b894d645330]
/lib/x86_64-linux-gnu/libwayland-client.so.0(+0x6245)[0x7b89244e6245]
/lib/x86_64-linux-gnu/libwayland-client.so.0(+0x7568)[0x7b89244e7568]
/lib/x86_64-linux-gnu/libwayland-client.so.0(wl_display_disconnect+0x7a)[0x7b89244e789a]
/home/godslayerakp/Documents/git-repos/RedMan13/RagNag/node_modules/glfw-raub/bin-linux/../../deps-opengl-raub/bin-linux/libglfw.so.3(+0x34af8)[0x7b8924524af8]
/home/godslayerakp/Documents/git-repos/RedMan13/RagNag/node_modules/glfw-raub/bin-linux/../../deps-opengl-raub/bin-linux/libglfw.so.3(+0xf1b2)[0x7b89244ff1b2]
/home/godslayerakp/Documents/git-repos/RedMan13/RagNag/node_modules/glfw-raub/bin-linux/../../deps-opengl-raub/bin-linux/libglfw.so.3(glfwTerminate+0x17)[0x7b89245000d3]
/lib/x86_64-linux-gnu/libc.so.6(+0x47a76)[0x7b894d647a76]
/lib/x86_64-linux-gnu/libc.so.6(+0x47bbe)[0x7b894d647bbe]
node(_ZN4node33DefaultProcessExitHandlerInternalEPNS_11EnvironmentENS_8ExitCodeE+0x6f)[0xbbf62f]
node(_ZN4node11Environment4ExitENS_8ExitCodeE+0x9f)[0xc1ef0f]
node(_ZN2v88internal25FunctionCallbackArguments4CallENS0_15CallHandlerInfoE+0x12f)[0xf4e54f]
node[0xf4edbd]
node(_ZN2v88internal21Builtin_HandleApiCallEiPmPNS0_7IsolateE+0x115)[0xf4f285]
node[0x1959df6]


At Sun Mar 29 19:47:48 2026


PID 325100 received SIGSEGV for address: 0x7314b741d558
/home/godslayerakp/Documents/git-repos/RedMan13/RagNag/node_modules/segfault-raub/bin-linux/segfault.node(+0x1708f)[0x7314ec12708f]
/lib/x86_64-linux-gnu/libc.so.6(+0x45330)[0x7314f0645330]
/lib/x86_64-linux-gnu/libwayland-client.so.0(+0x6245)[0x7314b7484245]
/lib/x86_64-linux-gnu/libwayland-client.so.0(+0x7568)[0x7314b7485568]
/lib/x86_64-linux-gnu/libwayland-client.so.0(wl_display_disconnect+0x7a)[0x7314b748589a]
/home/godslayerakp/Documents/git-repos/RedMan13/RagNag/node_modules/glfw-raub/bin-linux/../../deps-opengl-raub/bin-linux/libglfw.so.3(+0x34af8)[0x7314b74c2af8]
/home/godslayerakp/Documents/git-repos/RedMan13/RagNag/node_modules/glfw-raub/bin-linux/../../deps-opengl-raub/bin-linux/libglfw.so.3(+0xf1b2)[0x7314b749d1b2]
/home/godslayerakp/Documents/git-repos/RedMan13/RagNag/node_modules/glfw-raub/bin-linux/../../deps-opengl-raub/bin-linux/libglfw.so.3(glfwTerminate+0x17)[0x7314b749e0d3]
/lib/x86_64-linux-gnu/libc.so.6(+0x47a76)[0x7314f0647a76]
/lib/x86_64-linux-gnu/libc.so.6(+0x47bbe)[0x7314f0647bbe]
node(_ZN4node33DefaultProcessExitHandlerInternalEPNS_11EnvironmentENS_8ExitCodeE+0x6f)[0xbbf62f]
node(_ZN4node11Environment4ExitENS_8ExitCodeE+0x9f)[0xc1ef0f]
node(_ZN2v88internal25FunctionCallbackArguments4CallENS0_15CallHandlerInfoE+0x12f)[0xf4e54f]
node[0xf4edbd]
node(_ZN2v88internal21Builtin_HandleApiCallEiPmPNS0_7IsolateE+0x115)[0xf4f285]
node[0x1959df6]


At Sun Mar 29 19:48:01 2026


PID 325240 received SIGSEGV for address: 0x718238793558
/home/godslayerakp/Documents/git-repos/RedMan13/RagNag/node_modules/segfault-raub/bin-linux/segfault.node(+0x1708f)[0x71823942908f]
/lib/x86_64-linux-gnu/libc.so.6(+0x45330)[0x718261845330]
/lib/x86_64-linux-gnu/libwayland-client.so.0(+0x6245)[0x7182387a5245]
/lib/x86_64-linux-gnu/libwayland-client.so.0(+0x7568)[0x7182387a6568]
/lib/x86_64-linux-gnu/libwayland-client.so.0(wl_display_disconnect+0x7a)[0x7182387a689a]
/home/godslayerakp/Documents/git-repos/RedMan13/RagNag/node_modules/glfw-raub/bin-linux/../../deps-opengl-raub/bin-linux/libglfw.so.3(+0x34af8)[0x7182387e3af8]
/home/godslayerakp/Documents/git-repos/RedMan13/RagNag/node_modules/glfw-raub/bin-linux/../../deps-opengl-raub/bin-linux/libglfw.so.3(+0xf1b2)[0x7182387be1b2]
/home/godslayerakp/Documents/git-repos/RedMan13/RagNag/node_modules/glfw-raub/bin-linux/../../deps-opengl-raub/bin-linux/libglfw.so.3(glfwTerminate+0x17)[0x7182387bf0d3]
/lib/x86_64-linux-gnu/libc.so.6(+0x47a76)[0x718261847a76]
/lib/x86_64-linux-gnu/libc.so.6(+0x47bbe)[0x718261847bbe]
node(_ZN4node33DefaultProcessExitHandlerInternalEPNS_11EnvironmentENS_8ExitCodeE+0x6f)[0xbbf62f]
node(_ZN4node11Environment4ExitENS_8ExitCodeE+0x9f)[0xc1ef0f]
node(_ZN2v88internal25FunctionCallbackArguments4CallENS0_15CallHandlerInfoE+0x12f)[0xf4e54f]
node[0xf4edbd]
node(_ZN2v88internal21Builtin_HandleApiCallEiPmPNS0_7IsolateE+0x115)[0xf4f285]
node[0x1959df6]


At Sun Mar 29 19:48:14 2026


PID 325405 received SIGSEGV for address: 0x78846458f558
/home/godslayerakp/Documents/git-repos/RedMan13/RagNag/node_modules/segfault-raub/bin-linux/segfault.node(+0x1708f)[0x78846580208f]
/lib/x86_64-linux-gnu/libc.so.6(+0x45330)[0x78848dc45330]
/lib/x86_64-linux-gnu/libwayland-client.so.0(+0x6245)[0x7884645f6245]
/lib/x86_64-linux-gnu/libwayland-client.so.0(+0x7568)[0x7884645f7568]
/lib/x86_64-linux-gnu/libwayland-client.so.0(wl_display_disconnect+0x7a)[0x7884645f789a]
/home/godslayerakp/Documents/git-repos/RedMan13/RagNag/node_modules/glfw-raub/bin-linux/../../deps-opengl-raub/bin-linux/libglfw.so.3(+0x34af8)[0x788464bb2af8]
/home/godslayerakp/Documents/git-repos/RedMan13/RagNag/node_modules/glfw-raub/bin-linux/../../deps-opengl-raub/bin-linux/libglfw.so.3(+0xf1b2)[0x788464b8d1b2]
/home/godslayerakp/Documents/git-repos/RedMan13/RagNag/node_modules/glfw-raub/bin-linux/../../deps-opengl-raub/bin-linux/libglfw.so.3(glfwTerminate+0x17)[0x788464b8e0d3]
/lib/x86_64-linux-gnu/libc.so.6(+0x47a76)[0x78848dc47a76]
/lib/x86_64-linux-gnu/libc.so.6(+0x47bbe)[0x78848dc47bbe]
node(_ZN4node33DefaultProcessExitHandlerInternalEPNS_11EnvironmentENS_8ExitCodeE+0x6f)[0xbbf62f]
node(_ZN4node11Environment4ExitENS_8ExitCodeE+0x9f)[0xc1ef0f]
node(_ZN2v88internal25FunctionCallbackArguments4CallENS0_15CallHandlerInfoE+0x12f)[0xf4e54f]
node[0xf4edbd]
node(_ZN2v88internal21Builtin_HandleApiCallEiPmPNS0_7IsolateE+0x115)[0xf4f285]
node[0x1959df6]


At Sun Mar 29 19:50:02 2026


PID 325808 received SIGSEGV for address: 0x79662c2d7558
/home/godslayerakp/Documents/git-repos/RedMan13/RagNag/node_modules/segfault-raub/bin-linux/segfault.node(+0x1708f)[0x79662c83f08f]
/lib/x86_64-linux-gnu/libc.so.6(+0x45330)[0x796654c45330]
/lib/x86_64-linux-gnu/libwayland-client.so.0(+0x6245)[0x79662c332245]
/lib/x86_64-linux-gnu/libwayland-client.so.0(+0x7568)[0x79662c333568]
/lib/x86_64-linux-gnu/libwayland-client.so.0(wl_display_disconnect+0x7a)[0x79662c33389a]
/home/godslayerakp/Documents/git-repos/RedMan13/RagNag/node_modules/glfw-raub/bin-linux/../../deps-opengl-raub/bin-linux/libglfw.so.3(+0x34af8)[0x79662c370af8]
/home/godslayerakp/Documents/git-repos/RedMan13/RagNag/node_modules/glfw-raub/bin-linux/../../deps-opengl-raub/bin-linux/libglfw.so.3(+0xf1b2)[0x79662c34b1b2]
/home/godslayerakp/Documents/git-repos/RedMan13/RagNag/node_modules/glfw-raub/bin-linux/../../deps-opengl-raub/bin-linux/libglfw.so.3(glfwTerminate+0x17)[0x79662c34c0d3]
/lib/x86_64-linux-gnu/libc.so.6(+0x47a76)[0x796654c47a76]
/lib/x86_64-linux-gnu/libc.so.6(+0x47bbe)[0x796654c47bbe]
node(_ZN4node33DefaultProcessExitHandlerInternalEPNS_11EnvironmentENS_8ExitCodeE+0x6f)[0xbbf62f]
node(_ZN4node11Environment4ExitENS_8ExitCodeE+0x9f)[0xc1ef0f]
node(_ZN2v88internal25FunctionCallbackArguments4CallENS0_15CallHandlerInfoE+0x12f)[0xf4e54f]
node[0xf4edbd]
node(_ZN2v88internal21Builtin_HandleApiCallEiPmPNS0_7IsolateE+0x115)[0xf4f285]
node[0x1959df6]


At Sun Mar 29 19:54:57 2026


PID 326296 received SIGSEGV for address: 0x7f9f5da39558
/home/godslayerakp/Documents/git-repos/RedMan13/RagNag/node_modules/segfault-raub/bin-linux/segfault.node(+0x1708f)[0x7f9f5e72508f]
/lib/x86_64-linux-gnu/libc.so.6(+0x45330)[0x7f9f8ec45330]
/lib/x86_64-linux-gnu/libwayland-client.so.0(+0x6245)[0x7f9f5da96245]
/lib/x86_64-linux-gnu/libwayland-client.so.0(+0x7568)[0x7f9f5da97568]
/lib/x86_64-linux-gnu/libwayland-client.so.0(wl_display_disconnect+0x7a)[0x7f9f5da9789a]
/home/godslayerakp/Documents/git-repos/RedMan13/RagNag/node_modules/glfw-raub/bin-linux/../../deps-opengl-raub/bin-linux/libglfw.so.3(+0x34af8)[0x7f9f5dad4af8]
/home/godslayerakp/Documents/git-repos/RedMan13/RagNag/node_modules/glfw-raub/bin-linux/../../deps-opengl-raub/bin-linux/libglfw.so.3(+0xf1b2)[0x7f9f5daaf1b2]
/home/godslayerakp/Documents/git-repos/RedMan13/RagNag/node_modules/glfw-raub/bin-linux/../../deps-opengl-raub/bin-linux/libglfw.so.3(glfwTerminate+0x17)[0x7f9f5dab00d3]
/lib/x86_64-linux-gnu/libc.so.6(+0x47a76)[0x7f9f8ec47a76]
/lib/x86_64-linux-gnu/libc.so.6(+0x47bbe)[0x7f9f8ec47bbe]
node(_ZN4node33DefaultProcessExitHandlerInternalEPNS_11EnvironmentENS_8ExitCodeE+0x6f)[0xbbf62f]
node(_ZN4node11Environment4ExitENS_8ExitCodeE+0x9f)[0xc1ef0f]
node(_ZN2v88internal25FunctionCallbackArguments4CallENS0_15CallHandlerInfoE+0x12f)[0xf4e54f]
node[0xf4edbd]
node(_ZN2v88internal21Builtin_HandleApiCallEiPmPNS0_7IsolateE+0x115)[0xf4f285]
node[0x1959df6]


At Sun Mar 29 19:56:44 2026


PID 327458 received SIGSEGV for address: 0x71407e46b558
/home/godslayerakp/Documents/git-repos/RedMan13/RagNag/node_modules/segfault-raub/bin-linux/segfault.node(+0x1708f)[0x71407f16408f]
/lib/x86_64-linux-gnu/libc.so.6(+0x45330)[0x7140b7645330]
/lib/x86_64-linux-gnu/libwayland-client.so.0(+0x6245)[0x71407e4d7245]
/lib/x86_64-linux-gnu/libwayland-client.so.0(+0x7568)[0x71407e4d8568]
/lib/x86_64-linux-gnu/libwayland-client.so.0(wl_display_disconnect+0x7a)[0x71407e4d889a]
/home/godslayerakp/Documents/git-repos/RedMan13/RagNag/node_modules/glfw-raub/bin-linux/../../deps-opengl-raub/bin-linux/libglfw.so.3(+0x34af8)[0x71407e515af8]
/home/godslayerakp/Documents/git-repos/RedMan13/RagNag/node_modules/glfw-raub/bin-linux/../../deps-opengl-raub/bin-linux/libglfw.so.3(+0xf1b2)[0x71407e4f01b2]
/home/godslayerakp/Documents/git-repos/RedMan13/RagNag/node_modules/glfw-raub/bin-linux/../../deps-opengl-raub/bin-linux/libglfw.so.3(glfwTerminate+0x17)[0x71407e4f10d3]
/lib/x86_64-linux-gnu/libc.so.6(+0x47a76)[0x7140b7647a76]
/lib/x86_64-linux-gnu/libc.so.6(+0x47bbe)[0x7140b7647bbe]
node(_ZN4node33DefaultProcessExitHandlerInternalEPNS_11EnvironmentENS_8ExitCodeE+0x6f)[0xbbf62f]
node(_ZN4node11Environment4ExitENS_8ExitCodeE+0x9f)[0xc1ef0f]
node(_ZN2v88internal25FunctionCallbackArguments4CallENS0_15CallHandlerInfoE+0x12f)[0xf4e54f]
node[0xf4edbd]
node(_ZN2v88internal21Builtin_HandleApiCallEiPmPNS0_7IsolateE+0x115)[0xf4f285]
node[0x1959df6]


At Sun Mar 29 20:13:07 2026


PID 331153 received SIGSEGV for address: 0x7e87120df558
/home/godslayerakp/Documents/git-repos/RedMan13/RagNag/node_modules/segfault-raub/bin-linux/segfault.node(+0x1708f)[0x7e8712ddd08f]
/lib/x86_64-linux-gnu/libc.so.6(+0x45330)[0x7e874b245330]
/lib/x86_64-linux-gnu/libwayland-client.so.0(+0x6245)[0x7e871214b245]
/lib/x86_64-linux-gnu/libwayland-client.so.0(+0x7568)[0x7e871214c568]
/lib/x86_64-linux-gnu/libwayland-client.so.0(wl_display_disconnect+0x7a)[0x7e871214c89a]
/home/godslayerakp/Documents/git-repos/RedMan13/RagNag/node_modules/glfw-raub/bin-linux/../../deps-opengl-raub/bin-linux/libglfw.so.3(+0x34af8)[0x7e8712189af8]
/home/godslayerakp/Documents/git-repos/RedMan13/RagNag/node_modules/glfw-raub/bin-linux/../../deps-opengl-raub/bin-linux/libglfw.so.3(+0xf1b2)[0x7e87121641b2]
/home/godslayerakp/Documents/git-repos/RedMan13/RagNag/node_modules/glfw-raub/bin-linux/../../deps-opengl-raub/bin-linux/libglfw.so.3(glfwTerminate+0x17)[0x7e87121650d3]
/lib/x86_64-linux-gnu/libc.so.6(+0x47a76)[0x7e874b247a76]
/lib/x86_64-linux-gnu/libc.so.6(+0x47bbe)[0x7e874b247bbe]
node(_ZN4node33DefaultProcessExitHandlerInternalEPNS_11EnvironmentENS_8ExitCodeE+0x6f)[0xbbf62f]
node(_ZN4node11Environment4ExitENS_8ExitCodeE+0x9f)[0xc1ef0f]
node(_ZN2v88internal25FunctionCallbackArguments4CallENS0_15CallHandlerInfoE+0x12f)[0xf4e54f]
node[0xf4edbd]
node(_ZN2v88internal21Builtin_HandleApiCallEiPmPNS0_7IsolateE+0x115)[0xf4f285]
node[0x1959df6]


At Sun Mar 29 20:13:20 2026


PID 331341 received SIGSEGV for address: 0x76e7646ec558
/home/godslayerakp/Documents/git-repos/RedMan13/RagNag/node_modules/segfault-raub/bin-linux/segfault.node(+0x1708f)[0x76e7653d908f]
/lib/x86_64-linux-gnu/libc.so.6(+0x45330)[0x76e78d845330]
/lib/x86_64-linux-gnu/libwayland-client.so.0(+0x6245)[0x76e764753245]
/lib/x86_64-linux-gnu/libwayland-client.so.0(+0x7568)[0x76e764754568]
/lib/x86_64-linux-gnu/libwayland-client.so.0(wl_display_disconnect+0x7a)[0x76e76475489a]
/home/godslayerakp/Documents/git-repos/RedMan13/RagNag/node_modules/glfw-raub/bin-linux/../../deps-opengl-raub/bin-linux/libglfw.so.3(+0x34af8)[0x76e764791af8]
/home/godslayerakp/Documents/git-repos/RedMan13/RagNag/node_modules/glfw-raub/bin-linux/../../deps-opengl-raub/bin-linux/libglfw.so.3(+0xf1b2)[0x76e76476c1b2]
/home/godslayerakp/Documents/git-repos/RedMan13/RagNag/node_modules/glfw-raub/bin-linux/../../deps-opengl-raub/bin-linux/libglfw.so.3(glfwTerminate+0x17)[0x76e76476d0d3]
/lib/x86_64-linux-gnu/libc.so.6(+0x47a76)[0x76e78d847a76]
/lib/x86_64-linux-gnu/libc.so.6(+0x47bbe)[0x76e78d847bbe]
node(_ZN4node33DefaultProcessExitHandlerInternalEPNS_11EnvironmentENS_8ExitCodeE+0x6f)[0xbbf62f]
node(_ZN4node11Environment4ExitENS_8ExitCodeE+0x9f)[0xc1ef0f]
node(_ZN2v88internal25FunctionCallbackArguments4CallENS0_15CallHandlerInfoE+0x12f)[0xf4e54f]
node[0xf4edbd]
node(_ZN2v88internal21Builtin_HandleApiCallEiPmPNS0_7IsolateE+0x115)[0xf4f285]
node[0x1959df6]


At Sun Mar 29 20:13:39 2026


PID 331542 received SIGSEGV for address: 0x79fefc38f558
/home/godslayerakp/Documents/git-repos/RedMan13/RagNag/node_modules/segfault-raub/bin-linux/segfault.node(+0x1708f)[0x79fefd60208f]
/lib/x86_64-linux-gnu/libc.so.6(+0x45330)[0x79ff25a45330]
/lib/x86_64-linux-gnu/libwayland-client.so.0(+0x6245)[0x79fefc3f6245]
/lib/x86_64-linux-gnu/libwayland-client.so.0(+0x7568)[0x79fefc3f7568]
/lib/x86_64-linux-gnu/libwayland-client.so.0(wl_display_disconnect+0x7a)[0x79fefc3f789a]
/home/godslayerakp/Documents/git-repos/RedMan13/RagNag/node_modules/glfw-raub/bin-linux/../../deps-opengl-raub/bin-linux/libglfw.so.3(+0x34af8)[0x79fefc9b2af8]
/home/godslayerakp/Documents/git-repos/RedMan13/RagNag/node_modules/glfw-raub/bin-linux/../../deps-opengl-raub/bin-linux/libglfw.so.3(+0xf1b2)[0x79fefc98d1b2]
/home/godslayerakp/Documents/git-repos/RedMan13/RagNag/node_modules/glfw-raub/bin-linux/../../deps-opengl-raub/bin-linux/libglfw.so.3(glfwTerminate+0x17)[0x79fefc98e0d3]
/lib/x86_64-linux-gnu/libc.so.6(+0x47a76)[0x79ff25a47a76]
/lib/x86_64-linux-gnu/libc.so.6(+0x47bbe)[0x79ff25a47bbe]
node(_ZN4node33DefaultProcessExitHandlerInternalEPNS_11EnvironmentENS_8ExitCodeE+0x6f)[0xbbf62f]
node(_ZN4node11Environment4ExitENS_8ExitCodeE+0x9f)[0xc1ef0f]
node(_ZN2v88internal25FunctionCallbackArguments4CallENS0_15CallHandlerInfoE+0x12f)[0xf4e54f]
node[0xf4edbd]
node(_ZN2v88internal21Builtin_HandleApiCallEiPmPNS0_7IsolateE+0x115)[0xf4f285]
node[0x1959df6]


At Sun Mar 29 20:14:28 2026


PID 331951 received SIGSEGV for address: 0x795008e54558
/home/godslayerakp/Documents/git-repos/RedMan13/RagNag/node_modules/segfault-raub/bin-linux/segfault.node(+0x1708f)[0x795009b4408f]
/lib/x86_64-linux-gnu/libc.so.6(+0x45330)[0x795032045330]
/lib/x86_64-linux-gnu/libwayland-client.so.0(+0x6245)[0x795008ebb245]
/lib/x86_64-linux-gnu/libwayland-client.so.0(+0x7568)[0x795008ebc568]
/lib/x86_64-linux-gnu/libwayland-client.so.0(wl_display_disconnect+0x7a)[0x795008ebc89a]
/home/godslayerakp/Documents/git-repos/RedMan13/RagNag/node_modules/glfw-raub/bin-linux/../../deps-opengl-raub/bin-linux/libglfw.so.3(+0x34af8)[0x795008ef9af8]
/home/godslayerakp/Documents/git-repos/RedMan13/RagNag/node_modules/glfw-raub/bin-linux/../../deps-opengl-raub/bin-linux/libglfw.so.3(+0xf1b2)[0x795008ed41b2]
/home/godslayerakp/Documents/git-repos/RedMan13/RagNag/node_modules/glfw-raub/bin-linux/../../deps-opengl-raub/bin-linux/libglfw.so.3(glfwTerminate+0x17)[0x795008ed50d3]
/lib/x86_64-linux-gnu/libc.so.6(+0x47a76)[0x795032047a76]
/lib/x86_64-linux-gnu/libc.so.6(+0x47bbe)[0x795032047bbe]
node(_ZN4node33DefaultProcessExitHandlerInternalEPNS_11EnvironmentENS_8ExitCodeE+0x6f)[0xbbf62f]
node(_ZN4node11Environment4ExitENS_8ExitCodeE+0x9f)[0xc1ef0f]
node(_ZN2v88internal25FunctionCallbackArguments4CallENS0_15CallHandlerInfoE+0x12f)[0xf4e54f]
node[0xf4edbd]
node(_ZN2v88internal21Builtin_HandleApiCallEiPmPNS0_7IsolateE+0x115)[0xf4f285]
node[0x1959df6]


At Sun Mar 29 20:14:53 2026


PID 332164 received SIGSEGV for address: 0x77c1eca8f558
/home/godslayerakp/Documents/git-repos/RedMan13/RagNag/node_modules/segfault-raub/bin-linux/segfault.node(+0x1708f)[0x77c1ed77308f]
/lib/x86_64-linux-gnu/libc.so.6(+0x45330)[0x77c215c45330]
/lib/x86_64-linux-gnu/libwayland-client.so.0(+0x6245)[0x77c1ecaea245]
/lib/x86_64-linux-gnu/libwayland-client.so.0(+0x7568)[0x77c1ecaeb568]
/lib/x86_64-linux-gnu/libwayland-client.so.0(wl_display_disconnect+0x7a)[0x77c1ecaeb89a]
/home/godslayerakp/Documents/git-repos/RedMan13/RagNag/node_modules/glfw-raub/bin-linux/../../deps-opengl-raub/bin-linux/libglfw.so.3(+0x34af8)[0x77c1ecb28af8]
/home/godslayerakp/Documents/git-repos/RedMan13/RagNag/node_modules/glfw-raub/bin-linux/../../deps-opengl-raub/bin-linux/libglfw.so.3(+0xf1b2)[0x77c1ecb031b2]
/home/godslayerakp/Documents/git-repos/RedMan13/RagNag/node_modules/glfw-raub/bin-linux/../../deps-opengl-raub/bin-linux/libglfw.so.3(glfwTerminate+0x17)[0x77c1ecb040d3]
/lib/x86_64-linux-gnu/libc.so.6(+0x47a76)[0x77c215c47a76]
/lib/x86_64-linux-gnu/libc.so.6(+0x47bbe)[0x77c215c47bbe]
node(_ZN4node33DefaultProcessExitHandlerInternalEPNS_11EnvironmentENS_8ExitCodeE+0x6f)[0xbbf62f]
node(_ZN4node11Environment4ExitENS_8ExitCodeE+0x9f)[0xc1ef0f]
node(_ZN2v88internal25FunctionCallbackArguments4CallENS0_15CallHandlerInfoE+0x12f)[0xf4e54f]
node[0xf4edbd]
node(_ZN2v88internal21Builtin_HandleApiCallEiPmPNS0_7IsolateE+0x115)[0xf4f285]
node[0x1959df6]


At Sun Mar 29 20:17:01 2026


PID 332757 received SIGSEGV for address: 0x772cd45b5558
/home/godslayerakp/Documents/git-repos/RedMan13/RagNag/node_modules/segfault-raub/bin-linux/segfault.node(+0x1708f)[0x772cd582c08f]
/lib/x86_64-linux-gnu/libc.so.6(+0x45330)[0x772cfdc45330]
/lib/x86_64-linux-gnu/libwayland-client.so.0(+0x6245)[0x772cd4b9d245]
/lib/x86_64-linux-gnu/libwayland-client.so.0(+0x7568)[0x772cd4b9e568]
/lib/x86_64-linux-gnu/libwayland-client.so.0(wl_display_disconnect+0x7a)[0x772cd4b9e89a]
/home/godslayerakp/Documents/git-repos/RedMan13/RagNag/node_modules/glfw-raub/bin-linux/../../deps-opengl-raub/bin-linux/libglfw.so.3(+0x34af8)[0x772cd4bdbaf8]
/home/godslayerakp/Documents/git-repos/RedMan13/RagNag/node_modules/glfw-raub/bin-linux/../../deps-opengl-raub/bin-linux/libglfw.so.3(+0xf1b2)[0x772cd4bb61b2]
/home/godslayerakp/Documents/git-repos/RedMan13/RagNag/node_modules/glfw-raub/bin-linux/../../deps-opengl-raub/bin-linux/libglfw.so.3(glfwTerminate+0x17)[0x772cd4bb70d3]
/lib/x86_64-linux-gnu/libc.so.6(+0x47a76)[0x772cfdc47a76]
/lib/x86_64-linux-gnu/libc.so.6(+0x47bbe)[0x772cfdc47bbe]
node(_ZN4node33DefaultProcessExitHandlerInternalEPNS_11EnvironmentENS_8ExitCodeE+0x6f)[0xbbf62f]
node(_ZN4node11Environment4ExitENS_8ExitCodeE+0x9f)[0xc1ef0f]
node(_ZN2v88internal25FunctionCallbackArguments4CallENS0_15CallHandlerInfoE+0x12f)[0xf4e54f]
node[0xf4edbd]
node(_ZN2v88internal21Builtin_HandleApiCallEiPmPNS0_7IsolateE+0x115)[0xf4f285]
node[0x1959df6]


At Sun Mar 29 20:17:39 2026


PID 332996 received SIGSEGV for address: 0x7fb8f163e558
/home/godslayerakp/Documents/git-repos/RedMan13/RagNag/node_modules/segfault-raub/bin-linux/segfault.node(+0x1708f)[0x7fb8f233d08f]
/lib/x86_64-linux-gnu/libc.so.6(+0x45330)[0x7fb91a845330]
/lib/x86_64-linux-gnu/libwayland-client.so.0(+0x6245)[0x7fb8f16a5245]
/lib/x86_64-linux-gnu/libwayland-client.so.0(+0x7568)[0x7fb8f16a6568]
/lib/x86_64-linux-gnu/libwayland-client.so.0(wl_display_disconnect+0x7a)[0x7fb8f16a689a]
/home/godslayerakp/Documents/git-repos/RedMan13/RagNag/node_modules/glfw-raub/bin-linux/../../deps-opengl-raub/bin-linux/libglfw.so.3(+0x34af8)[0x7fb8f16e3af8]
/home/godslayerakp/Documents/git-repos/RedMan13/RagNag/node_modules/glfw-raub/bin-linux/../../deps-opengl-raub/bin-linux/libglfw.so.3(+0xf1b2)[0x7fb8f16be1b2]
/home/godslayerakp/Documents/git-repos/RedMan13/RagNag/node_modules/glfw-raub/bin-linux/../../deps-opengl-raub/bin-linux/libglfw.so.3(glfwTerminate+0x17)[0x7fb8f16bf0d3]
/lib/x86_64-linux-gnu/libc.so.6(+0x47a76)[0x7fb91a847a76]
/lib/x86_64-linux-gnu/libc.so.6(+0x47bbe)[0x7fb91a847bbe]
node(_ZN4node33DefaultProcessExitHandlerInternalEPNS_11EnvironmentENS_8ExitCodeE+0x6f)[0xbbf62f]
node(_ZN4node11Environment4ExitENS_8ExitCodeE+0x9f)[0xc1ef0f]
node(_ZN2v88internal25FunctionCallbackArguments4CallENS0_15CallHandlerInfoE+0x12f)[0xf4e54f]
node[0xf4edbd]
node(_ZN2v88internal21Builtin_HandleApiCallEiPmPNS0_7IsolateE+0x115)[0xf4f285]
node[0x1959df6]


At Sun Mar 29 20:18:58 2026


PID 333375 received SIGSEGV for address: 0x7407db5cc558
/home/godslayerakp/Documents/git-repos/RedMan13/RagNag/node_modules/segfault-raub/bin-linux/segfault.node(+0x1708f)[0x7408102d008f]
/lib/x86_64-linux-gnu/libc.so.6(+0x45330)[0x740814845330]
/lib/x86_64-linux-gnu/libwayland-client.so.0(+0x6245)[0x7407dbf7f245]
/lib/x86_64-linux-gnu/libwayland-client.so.0(+0x7568)[0x7407dbf80568]
/lib/x86_64-linux-gnu/libwayland-client.so.0(wl_display_disconnect+0x7a)[0x7407dbf8089a]
/home/godslayerakp/Documents/git-repos/RedMan13/RagNag/node_modules/glfw-raub/bin-linux/../../deps-opengl-raub/bin-linux/libglfw.so.3(+0x34af8)[0x7407db661af8]
/home/godslayerakp/Documents/git-repos/RedMan13/RagNag/node_modules/glfw-raub/bin-linux/../../deps-opengl-raub/bin-linux/libglfw.so.3(+0xf1b2)[0x7407db63c1b2]
/home/godslayerakp/Documents/git-repos/RedMan13/RagNag/node_modules/glfw-raub/bin-linux/../../deps-opengl-raub/bin-linux/libglfw.so.3(glfwTerminate+0x17)[0x7407db63d0d3]
/lib/x86_64-linux-gnu/libc.so.6(+0x47a76)[0x740814847a76]
/lib/x86_64-linux-gnu/libc.so.6(+0x47bbe)[0x740814847bbe]
node(_ZN4node33DefaultProcessExitHandlerInternalEPNS_11EnvironmentENS_8ExitCodeE+0x6f)[0xbbf62f]
node(_ZN4node11Environment4ExitENS_8ExitCodeE+0x9f)[0xc1ef0f]
node(_ZN2v88internal25FunctionCallbackArguments4CallENS0_15CallHandlerInfoE+0x12f)[0xf4e54f]
node[0xf4edbd]
node(_ZN2v88internal21Builtin_HandleApiCallEiPmPNS0_7IsolateE+0x115)[0xf4f285]
node[0x1959df6]


At Sun Mar 29 20:19:10 2026


PID 333532 received SIGSEGV for address: 0x73a94cccf558
/home/godslayerakp/Documents/git-repos/RedMan13/RagNag/node_modules/segfault-raub/bin-linux/segfault.node(+0x1708f)[0x73a94d9ba08f]
/lib/x86_64-linux-gnu/libc.so.6(+0x45330)[0x73a975e45330]
/lib/x86_64-linux-gnu/libwayland-client.so.0(+0x6245)[0x73a94cd2a245]
/lib/x86_64-linux-gnu/libwayland-client.so.0(+0x7568)[0x73a94cd2b568]
/lib/x86_64-linux-gnu/libwayland-client.so.0(wl_display_disconnect+0x7a)[0x73a94cd2b89a]
/home/godslayerakp/Documents/git-repos/RedMan13/RagNag/node_modules/glfw-raub/bin-linux/../../deps-opengl-raub/bin-linux/libglfw.so.3(+0x34af8)[0x73a94cd68af8]
/home/godslayerakp/Documents/git-repos/RedMan13/RagNag/node_modules/glfw-raub/bin-linux/../../deps-opengl-raub/bin-linux/libglfw.so.3(+0xf1b2)[0x73a94cd431b2]
/home/godslayerakp/Documents/git-repos/RedMan13/RagNag/node_modules/glfw-raub/bin-linux/../../deps-opengl-raub/bin-linux/libglfw.so.3(glfwTerminate+0x17)[0x73a94cd440d3]
/lib/x86_64-linux-gnu/libc.so.6(+0x47a76)[0x73a975e47a76]
/lib/x86_64-linux-gnu/libc.so.6(+0x47bbe)[0x73a975e47bbe]
node(_ZN4node33DefaultProcessExitHandlerInternalEPNS_11EnvironmentENS_8ExitCodeE+0x6f)[0xbbf62f]
node(_ZN4node11Environment4ExitENS_8ExitCodeE+0x9f)[0xc1ef0f]
node(_ZN2v88internal25FunctionCallbackArguments4CallENS0_15CallHandlerInfoE+0x12f)[0xf4e54f]
node[0xf4edbd]
node(_ZN2v88internal21Builtin_HandleApiCallEiPmPNS0_7IsolateE+0x115)[0xf4f285]
node[0x1959df6]


At Sun Mar 29 20:23:22 2026


PID 334472 received SIGSEGV for address: 0x730dd7ed0558
/home/godslayerakp/Documents/git-repos/RedMan13/RagNag/node_modules/segfault-raub/bin-linux/segfault.node(+0x1708f)[0x730decbc208f]
/lib/x86_64-linux-gnu/libc.so.6(+0x45330)[0x730e15045330]
/lib/x86_64-linux-gnu/libwayland-client.so.0(+0x6245)[0x730dd7f37245]
/lib/x86_64-linux-gnu/libwayland-client.so.0(+0x7568)[0x730dd7f38568]
/lib/x86_64-linux-gnu/libwayland-client.so.0(wl_display_disconnect+0x7a)[0x730dd7f3889a]
/home/godslayerakp/Documents/git-repos/RedMan13/RagNag/node_modules/glfw-raub/bin-linux/../../deps-opengl-raub/bin-linux/libglfw.so.3(+0x34af8)[0x730dd7f75af8]
/home/godslayerakp/Documents/git-repos/RedMan13/RagNag/node_modules/glfw-raub/bin-linux/../../deps-opengl-raub/bin-linux/libglfw.so.3(+0xf1b2)[0x730dd7f501b2]
/home/godslayerakp/Documents/git-repos/RedMan13/RagNag/node_modules/glfw-raub/bin-linux/../../deps-opengl-raub/bin-linux/libglfw.so.3(glfwTerminate+0x17)[0x730dd7f510d3]
/lib/x86_64-linux-gnu/libc.so.6(+0x47a76)[0x730e15047a76]
/lib/x86_64-linux-gnu/libc.so.6(+0x47bbe)[0x730e15047bbe]
node(_ZN4node33DefaultProcessExitHandlerInternalEPNS_11EnvironmentENS_8ExitCodeE+0x6f)[0xbbf62f]
node(_ZN4node11Environment4ExitENS_8ExitCodeE+0x9f)[0xc1ef0f]
node(_ZN2v88internal25FunctionCallbackArguments4CallENS0_15CallHandlerInfoE+0x12f)[0xf4e54f]
node[0xf4edbd]
node(_ZN2v88internal21Builtin_HandleApiCallEiPmPNS0_7IsolateE+0x115)[0xf4f285]
node[0x1959df6]


At Sun Mar 29 20:24:08 2026


PID 334858 received SIGSEGV for address: 0x70dd30035558
/home/godslayerakp/Documents/git-repos/RedMan13/RagNag/node_modules/segfault-raub/bin-linux/segfault.node(+0x1708f)[0x70dd30bec08f]
/lib/x86_64-linux-gnu/libc.so.6(+0x45330)[0x70dd59045330]
/lib/x86_64-linux-gnu/libwayland-client.so.0(+0x6245)[0x70dd31757245]
/lib/x86_64-linux-gnu/libwayland-client.so.0(+0x7568)[0x70dd31758568]
/lib/x86_64-linux-gnu/libwayland-client.so.0(wl_display_disconnect+0x7a)[0x70dd3175889a]
/home/godslayerakp/Documents/git-repos/RedMan13/RagNag/node_modules/glfw-raub/bin-linux/../../deps-opengl-raub/bin-linux/libglfw.so.3(+0x34af8)[0x70dd1bf9eaf8]
/home/godslayerakp/Documents/git-repos/RedMan13/RagNag/node_modules/glfw-raub/bin-linux/../../deps-opengl-raub/bin-linux/libglfw.so.3(+0xf1b2)[0x70dd1bf791b2]
/home/godslayerakp/Documents/git-repos/RedMan13/RagNag/node_modules/glfw-raub/bin-linux/../../deps-opengl-raub/bin-linux/libglfw.so.3(glfwTerminate+0x17)[0x70dd1bf7a0d3]
/lib/x86_64-linux-gnu/libc.so.6(+0x47a76)[0x70dd59047a76]
/lib/x86_64-linux-gnu/libc.so.6(+0x47bbe)[0x70dd59047bbe]
node(_ZN4node33DefaultProcessExitHandlerInternalEPNS_11EnvironmentENS_8ExitCodeE+0x6f)[0xbbf62f]
node(_ZN4node11Environment4ExitENS_8ExitCodeE+0x9f)[0xc1ef0f]
node(_ZN2v88internal25FunctionCallbackArguments4CallENS0_15CallHandlerInfoE+0x12f)[0xf4e54f]
node[0xf4edbd]
node(_ZN2v88internal21Builtin_HandleApiCallEiPmPNS0_7IsolateE+0x115)[0xf4f285]
node[0x1959df6]


At Sun Mar 29 20:24:56 2026


PID 335135 received SIGSEGV for address: 0x7eab257b5558
/home/godslayerakp/Documents/git-repos/RedMan13/RagNag/node_modules/segfault-raub/bin-linux/segfault.node(+0x1708f)[0x7eab2646c08f]
/lib/x86_64-linux-gnu/libc.so.6(+0x45330)[0x7eab56a45330]
/lib/x86_64-linux-gnu/libwayland-client.so.0(+0x6245)[0x7eab257d8245]
/lib/x86_64-linux-gnu/libwayland-client.so.0(+0x7568)[0x7eab257d9568]
/lib/x86_64-linux-gnu/libwayland-client.so.0(wl_display_disconnect+0x7a)[0x7eab257d989a]
/home/godslayerakp/Documents/git-repos/RedMan13/RagNag/node_modules/glfw-raub/bin-linux/../../deps-opengl-raub/bin-linux/libglfw.so.3(+0x34af8)[0x7eab25816af8]
/home/godslayerakp/Documents/git-repos/RedMan13/RagNag/node_modules/glfw-raub/bin-linux/../../deps-opengl-raub/bin-linux/libglfw.so.3(+0xf1b2)[0x7eab257f11b2]
/home/godslayerakp/Documents/git-repos/RedMan13/RagNag/node_modules/glfw-raub/bin-linux/../../deps-opengl-raub/bin-linux/libglfw.so.3(glfwTerminate+0x17)[0x7eab257f20d3]
/lib/x86_64-linux-gnu/libc.so.6(+0x47a76)[0x7eab56a47a76]
/lib/x86_64-linux-gnu/libc.so.6(+0x47bbe)[0x7eab56a47bbe]
node(_ZN4node33DefaultProcessExitHandlerInternalEPNS_11EnvironmentENS_8ExitCodeE+0x6f)[0xbbf62f]
node(_ZN4node11Environment4ExitENS_8ExitCodeE+0x9f)[0xc1ef0f]
node(_ZN2v88internal25FunctionCallbackArguments4CallENS0_15CallHandlerInfoE+0x12f)[0xf4e54f]
node[0xf4edbd]
node(_ZN2v88internal21Builtin_HandleApiCallEiPmPNS0_7IsolateE+0x115)[0xf4f285]
node[0x1959df6]


At Sun Mar 29 20:26:40 2026


PID 335728 received SIGSEGV for address: 0x7c8079a27558
/home/godslayerakp/Documents/git-repos/RedMan13/RagNag/node_modules/segfault-raub/bin-linux/segfault.node(+0x1708f)[0x7c807a72508f]
/lib/x86_64-linux-gnu/libc.so.6(+0x45330)[0x7c80aac45330]
/lib/x86_64-linux-gnu/libwayland-client.so.0(+0x6245)[0x7c8079a8e245]
/lib/x86_64-linux-gnu/libwayland-client.so.0(+0x7568)[0x7c8079a8f568]
/lib/x86_64-linux-gnu/libwayland-client.so.0(wl_display_disconnect+0x7a)[0x7c8079a8f89a]
/home/godslayerakp/Documents/git-repos/RedMan13/RagNag/node_modules/glfw-raub/bin-linux/../../deps-opengl-raub/bin-linux/libglfw.so.3(+0x34af8)[0x7c8079accaf8]
/home/godslayerakp/Documents/git-repos/RedMan13/RagNag/node_modules/glfw-raub/bin-linux/../../deps-opengl-raub/bin-linux/libglfw.so.3(+0xf1b2)[0x7c8079aa71b2]
/home/godslayerakp/Documents/git-repos/RedMan13/RagNag/node_modules/glfw-raub/bin-linux/../../deps-opengl-raub/bin-linux/libglfw.so.3(glfwTerminate+0x17)[0x7c8079aa80d3]
/lib/x86_64-linux-gnu/libc.so.6(+0x47a76)[0x7c80aac47a76]
/lib/x86_64-linux-gnu/libc.so.6(+0x47bbe)[0x7c80aac47bbe]
node(_ZN4node33DefaultProcessExitHandlerInternalEPNS_11EnvironmentENS_8ExitCodeE+0x6f)[0xbbf62f]
node(_ZN4node11Environment4ExitENS_8ExitCodeE+0x9f)[0xc1ef0f]
node(_ZN2v88internal25FunctionCallbackArguments4CallENS0_15CallHandlerInfoE+0x12f)[0xf4e54f]
node[0xf4edbd]
node(_ZN2v88internal21Builtin_HandleApiCallEiPmPNS0_7IsolateE+0x115)[0xf4f285]
node[0x1959df6]


At Sun Mar 29 20:30:03 2026


PID 336620 received SIGSEGV for address: 0x77f9e5426558
/home/godslayerakp/Documents/git-repos/RedMan13/RagNag/node_modules/segfault-raub/bin-linux/segfault.node(+0x1708f)[0x77f9e611208f]
/lib/x86_64-linux-gnu/libc.so.6(+0x45330)[0x77fa0e645330]
/lib/x86_64-linux-gnu/libwayland-client.so.0(+0x6245)[0x77f9e5483245]
/lib/x86_64-linux-gnu/libwayland-client.so.0(+0x7568)[0x77f9e5484568]
/lib/x86_64-linux-gnu/libwayland-client.so.0(wl_display_disconnect+0x7a)[0x77f9e548489a]
/home/godslayerakp/Documents/git-repos/RedMan13/RagNag/node_modules/glfw-raub/bin-linux/../../deps-opengl-raub/bin-linux/libglfw.so.3(+0x34af8)[0x77f9e54c1af8]
/home/godslayerakp/Documents/git-repos/RedMan13/RagNag/node_modules/glfw-raub/bin-linux/../../deps-opengl-raub/bin-linux/libglfw.so.3(+0xf1b2)[0x77f9e549c1b2]
/home/godslayerakp/Documents/git-repos/RedMan13/RagNag/node_modules/glfw-raub/bin-linux/../../deps-opengl-raub/bin-linux/libglfw.so.3(glfwTerminate+0x17)[0x77f9e549d0d3]
/lib/x86_64-linux-gnu/libc.so.6(+0x47a76)[0x77fa0e647a76]
/lib/x86_64-linux-gnu/libc.so.6(+0x47bbe)[0x77fa0e647bbe]
node(_ZN4node33DefaultProcessExitHandlerInternalEPNS_11EnvironmentENS_8ExitCodeE+0x6f)[0xbbf62f]
node(_ZN4node11Environment4ExitENS_8ExitCodeE+0x9f)[0xc1ef0f]
node(_ZN2v88internal25FunctionCallbackArguments4CallENS0_15CallHandlerInfoE+0x12f)[0xf4e54f]
node[0xf4edbd]
node(_ZN2v88internal21Builtin_HandleApiCallEiPmPNS0_7IsolateE+0x115)[0xf4f285]
node[0x1959df6]


At Sun Mar 29 20:30:51 2026


PID 336986 received SIGSEGV for address: 0x7aba500f6558
/home/godslayerakp/Documents/git-repos/RedMan13/RagNag/node_modules/segfault-raub/bin-linux/segfault.node(+0x1708f)[0x7aba50def08f]
/lib/x86_64-linux-gnu/libc.so.6(+0x45330)[0x7aba79245330]
/lib/x86_64-linux-gnu/libwayland-client.so.0(+0x6245)[0x7aba5015d245]
/lib/x86_64-linux-gnu/libwayland-client.so.0(+0x7568)[0x7aba5015e568]
/lib/x86_64-linux-gnu/libwayland-client.so.0(wl_display_disconnect+0x7a)[0x7aba5015e89a]
/home/godslayerakp/Documents/git-repos/RedMan13/RagNag/node_modules/glfw-raub/bin-linux/../../deps-opengl-raub/bin-linux/libglfw.so.3(+0x34af8)[0x7aba5019baf8]
/home/godslayerakp/Documents/git-repos/RedMan13/RagNag/node_modules/glfw-raub/bin-linux/../../deps-opengl-raub/bin-linux/libglfw.so.3(+0xf1b2)[0x7aba501761b2]
/home/godslayerakp/Documents/git-repos/RedMan13/RagNag/node_modules/glfw-raub/bin-linux/../../deps-opengl-raub/bin-linux/libglfw.so.3(glfwTerminate+0x17)[0x7aba501770d3]
/lib/x86_64-linux-gnu/libc.so.6(+0x47a76)[0x7aba79247a76]
/lib/x86_64-linux-gnu/libc.so.6(+0x47bbe)[0x7aba79247bbe]
node(_ZN4node33DefaultProcessExitHandlerInternalEPNS_11EnvironmentENS_8ExitCodeE+0x6f)[0xbbf62f]
node(_ZN4node11Environment4ExitENS_8ExitCodeE+0x9f)[0xc1ef0f]
node(_ZN2v88internal25FunctionCallbackArguments4CallENS0_15CallHandlerInfoE+0x12f)[0xf4e54f]
node[0xf4edbd]
node(_ZN2v88internal21Builtin_HandleApiCallEiPmPNS0_7IsolateE+0x115)[0xf4f285]
node[0x1959df6]


At Sun Mar 29 20:32:13 2026


PID 337476 received SIGSEGV for address: 0x711e214d9558
/home/godslayerakp/Documents/git-repos/RedMan13/RagNag/node_modules/segfault-raub/bin-linux/segfault.node(+0x1708f)[0x711e221ba08f]
/lib/x86_64-linux-gnu/libc.so.6(+0x45330)[0x711e4a645330]
/lib/x86_64-linux-gnu/libwayland-client.so.0(+0x6245)[0x711e2152a245]
/lib/x86_64-linux-gnu/libwayland-client.so.0(+0x7568)[0x711e2152b568]
/lib/x86_64-linux-gnu/libwayland-client.so.0(wl_display_disconnect+0x7a)[0x711e2152b89a]
/home/godslayerakp/Documents/git-repos/RedMan13/RagNag/node_modules/glfw-raub/bin-linux/../../deps-opengl-raub/bin-linux/libglfw.so.3(+0x34af8)[0x711e21568af8]
/home/godslayerakp/Documents/git-repos/RedMan13/RagNag/node_modules/glfw-raub/bin-linux/../../deps-opengl-raub/bin-linux/libglfw.so.3(+0xf1b2)[0x711e215431b2]
/home/godslayerakp/Documents/git-repos/RedMan13/RagNag/node_modules/glfw-raub/bin-linux/../../deps-opengl-raub/bin-linux/libglfw.so.3(glfwTerminate+0x17)[0x711e215440d3]
/lib/x86_64-linux-gnu/libc.so.6(+0x47a76)[0x711e4a647a76]
/lib/x86_64-linux-gnu/libc.so.6(+0x47bbe)[0x711e4a647bbe]
node(_ZN4node33DefaultProcessExitHandlerInternalEPNS_11EnvironmentENS_8ExitCodeE+0x6f)[0xbbf62f]
node(_ZN4node11Environment4ExitENS_8ExitCodeE+0x9f)[0xc1ef0f]
node(_ZN2v88internal25FunctionCallbackArguments4CallENS0_15CallHandlerInfoE+0x12f)[0xf4e54f]
node[0xf4edbd]
node(_ZN2v88internal21Builtin_HandleApiCallEiPmPNS0_7IsolateE+0x115)[0xf4f285]
node[0x1959df6]


At Sun Mar 29 20:33:15 2026


PID 337637 received SIGSEGV for address: 0x7fed805c6558
/home/godslayerakp/Documents/git-repos/RedMan13/RagNag/node_modules/segfault-raub/bin-linux/segfault.node(+0x1708f)[0x7fed8128008f]
/lib/x86_64-linux-gnu/libc.so.6(+0x45330)[0x7feda9845330]
/lib/x86_64-linux-gnu/libwayland-client.so.0(+0x6245)[0x7fed80628245]
/lib/x86_64-linux-gnu/libwayland-client.so.0(+0x7568)[0x7fed80629568]
/lib/x86_64-linux-gnu/libwayland-client.so.0(wl_display_disconnect+0x7a)[0x7fed8062989a]
/home/godslayerakp/Documents/git-repos/RedMan13/RagNag/node_modules/glfw-raub/bin-linux/../../deps-opengl-raub/bin-linux/libglfw.so.3(+0x34af8)[0x7fed80666af8]
/home/godslayerakp/Documents/git-repos/RedMan13/RagNag/node_modules/glfw-raub/bin-linux/../../deps-opengl-raub/bin-linux/libglfw.so.3(+0xf1b2)[0x7fed806411b2]
/home/godslayerakp/Documents/git-repos/RedMan13/RagNag/node_modules/glfw-raub/bin-linux/../../deps-opengl-raub/bin-linux/libglfw.so.3(glfwTerminate+0x17)[0x7fed806420d3]
/lib/x86_64-linux-gnu/libc.so.6(+0x47a76)[0x7feda9847a76]
/lib/x86_64-linux-gnu/libc.so.6(+0x47bbe)[0x7feda9847bbe]
node(_ZN4node33DefaultProcessExitHandlerInternalEPNS_11EnvironmentENS_8ExitCodeE+0x6f)[0xbbf62f]
node(_ZN4node11Environment4ExitENS_8ExitCodeE+0x9f)[0xc1ef0f]
node(_ZN2v88internal25FunctionCallbackArguments4CallENS0_15CallHandlerInfoE+0x12f)[0xf4e54f]
node[0xf4edbd]
node(_ZN2v88internal21Builtin_HandleApiCallEiPmPNS0_7IsolateE+0x115)[0xf4f285]
node[0x1959df6]


At Sun Mar 29 20:43:23 2026


PID 339922 received SIGSEGV for address: 0x7a3cfcbce558
/home/godslayerakp/Documents/git-repos/RedMan13/RagNag/node_modules/segfault-raub/bin-linux/segfault.node(+0x1708f)[0x7a3cfe57708f]
/lib/x86_64-linux-gnu/libc.so.6(+0x45330)[0x7a3d25e45330]
/lib/x86_64-linux-gnu/libwayland-client.so.0(+0x6245)[0x7a3cfcc3a245]
/lib/x86_64-linux-gnu/libwayland-client.so.0(+0x7568)[0x7a3cfcc3b568]
/lib/x86_64-linux-gnu/libwayland-client.so.0(wl_display_disconnect+0x7a)[0x7a3cfcc3b89a]
/home/godslayerakp/Documents/git-repos/RedMan13/RagNag/node_modules/glfw-raub/bin-linux/../../deps-opengl-raub/bin-linux/libglfw.so.3(+0x34af8)[0x7a3cfcc78af8]
/home/godslayerakp/Documents/git-repos/RedMan13/RagNag/node_modules/glfw-raub/bin-linux/../../deps-opengl-raub/bin-linux/libglfw.so.3(+0xf1b2)[0x7a3cfcc531b2]
/home/godslayerakp/Documents/git-repos/RedMan13/RagNag/node_modules/glfw-raub/bin-linux/../../deps-opengl-raub/bin-linux/libglfw.so.3(glfwTerminate+0x17)[0x7a3cfcc540d3]
/lib/x86_64-linux-gnu/libc.so.6(+0x47a76)[0x7a3d25e47a76]
/lib/x86_64-linux-gnu/libc.so.6(+0x47bbe)[0x7a3d25e47bbe]
node(_ZN4node33DefaultProcessExitHandlerInternalEPNS_11EnvironmentENS_8ExitCodeE+0x6f)[0xbbf62f]
node(_ZN4node11Environment4ExitENS_8ExitCodeE+0x9f)[0xc1ef0f]
node(_ZN2v88internal25FunctionCallbackArguments4CallENS0_15CallHandlerInfoE+0x12f)[0xf4e54f]
node[0xf4edbd]
node(_ZN2v88internal21Builtin_HandleApiCallEiPmPNS0_7IsolateE+0x115)[0xf4f285]
node[0x1959df6]


At Sun Mar 29 20:43:43 2026


PID 340315 received SIGSEGV for address: 0x777d30d93558
/home/godslayerakp/Documents/git-repos/RedMan13/RagNag/node_modules/segfault-raub/bin-linux/segfault.node(+0x1708f)[0x777d31a8008f]
/lib/x86_64-linux-gnu/libc.so.6(+0x45330)[0x777d5a045330]
/lib/x86_64-linux-gnu/libwayland-client.so.0(+0x6245)[0x777d30dee245]
/lib/x86_64-linux-gnu/libwayland-client.so.0(+0x7568)[0x777d30def568]
/lib/x86_64-linux-gnu/libwayland-client.so.0(wl_display_disconnect+0x7a)[0x777d30def89a]
/home/godslayerakp/Documents/git-repos/RedMan13/RagNag/node_modules/glfw-raub/bin-linux/../../deps-opengl-raub/bin-linux/libglfw.so.3(+0x34af8)[0x777d30e2caf8]
/home/godslayerakp/Documents/git-repos/RedMan13/RagNag/node_modules/glfw-raub/bin-linux/../../deps-opengl-raub/bin-linux/libglfw.so.3(+0xf1b2)[0x777d30e071b2]
/home/godslayerakp/Documents/git-repos/RedMan13/RagNag/node_modules/glfw-raub/bin-linux/../../deps-opengl-raub/bin-linux/libglfw.so.3(glfwTerminate+0x17)[0x777d30e080d3]
/lib/x86_64-linux-gnu/libc.so.6(+0x47a76)[0x777d5a047a76]
/lib/x86_64-linux-gnu/libc.so.6(+0x47bbe)[0x777d5a047bbe]
node(_ZN4node33DefaultProcessExitHandlerInternalEPNS_11EnvironmentENS_8ExitCodeE+0x6f)[0xbbf62f]
node(_ZN4node11Environment4ExitENS_8ExitCodeE+0x9f)[0xc1ef0f]
node(_ZN2v88internal25FunctionCallbackArguments4CallENS0_15CallHandlerInfoE+0x12f)[0xf4e54f]
node[0xf4edbd]
node(_ZN2v88internal21Builtin_HandleApiCallEiPmPNS0_7IsolateE+0x115)[0xf4f285]
node[0x1959df6]


At Sun Mar 29 21:02:19 2026


PID 344677 received SIGSEGV for address: 0x72966961c558
/home/godslayerakp/Documents/git-repos/RedMan13/RagNag/node_modules/segfault-raub/bin-linux/segfault.node(+0x1708f)[0x72966a30f08f]
/lib/x86_64-linux-gnu/libc.so.6(+0x45330)[0x729692845330]
/lib/x86_64-linux-gnu/libwayland-client.so.0(+0x6245)[0x729669683245]
/lib/x86_64-linux-gnu/libwayland-client.so.0(+0x7568)[0x729669684568]
/lib/x86_64-linux-gnu/libwayland-client.so.0(wl_display_disconnect+0x7a)[0x72966968489a]
/home/godslayerakp/Documents/git-repos/RedMan13/RagNag/node_modules/glfw-raub/bin-linux/../../deps-opengl-raub/bin-linux/libglfw.so.3(+0x34af8)[0x7296696c1af8]
/home/godslayerakp/Documents/git-repos/RedMan13/RagNag/node_modules/glfw-raub/bin-linux/../../deps-opengl-raub/bin-linux/libglfw.so.3(+0xf1b2)[0x72966969c1b2]
/home/godslayerakp/Documents/git-repos/RedMan13/RagNag/node_modules/glfw-raub/bin-linux/../../deps-opengl-raub/bin-linux/libglfw.so.3(glfwTerminate+0x17)[0x72966969d0d3]
/lib/x86_64-linux-gnu/libc.so.6(+0x47a76)[0x729692847a76]
/lib/x86_64-linux-gnu/libc.so.6(+0x47bbe)[0x729692847bbe]
node(_ZN4node33DefaultProcessExitHandlerInternalEPNS_11EnvironmentENS_8ExitCodeE+0x6f)[0xbbf62f]
node(_ZN4node11Environment4ExitENS_8ExitCodeE+0x9f)[0xc1ef0f]
node(_ZN2v88internal25FunctionCallbackArguments4CallENS0_15CallHandlerInfoE+0x12f)[0xf4e54f]
node[0xf4edbd]
node(_ZN2v88internal21Builtin_HandleApiCallEiPmPNS0_7IsolateE+0x115)[0xf4f285]
node[0x1959df6]


At Sun Mar 29 21:19:15 2026


PID 348492 received SIGSEGV for address: 0x76f6425f5558
/home/godslayerakp/Documents/git-repos/RedMan13/RagNag/node_modules/segfault-raub/bin-linux/segfault.node(+0x1708f)[0x76f643f9508f]
/lib/x86_64-linux-gnu/libc.so.6(+0x45330)[0x76f67b845330]
/lib/x86_64-linux-gnu/libwayland-client.so.0(+0x6245)[0x76f642650245]
/lib/x86_64-linux-gnu/libwayland-client.so.0(+0x7568)[0x76f642651568]
/lib/x86_64-linux-gnu/libwayland-client.so.0(wl_display_disconnect+0x7a)[0x76f64265189a]
/home/godslayerakp/Documents/git-repos/RedMan13/RagNag/node_modules/glfw-raub/bin-linux/../../deps-opengl-raub/bin-linux/libglfw.so.3(+0x34af8)[0x76f64268eaf8]
/home/godslayerakp/Documents/git-repos/RedMan13/RagNag/node_modules/glfw-raub/bin-linux/../../deps-opengl-raub/bin-linux/libglfw.so.3(+0xf1b2)[0x76f6426691b2]
/home/godslayerakp/Documents/git-repos/RedMan13/RagNag/node_modules/glfw-raub/bin-linux/../../deps-opengl-raub/bin-linux/libglfw.so.3(glfwTerminate+0x17)[0x76f64266a0d3]
/lib/x86_64-linux-gnu/libc.so.6(+0x47a76)[0x76f67b847a76]
/lib/x86_64-linux-gnu/libc.so.6(+0x47bbe)[0x76f67b847bbe]
node(_ZN4node33DefaultProcessExitHandlerInternalEPNS_11EnvironmentENS_8ExitCodeE+0x6f)[0xbbf62f]
node(_ZN4node11Environment4ExitENS_8ExitCodeE+0x9f)[0xc1ef0f]
node(_ZN2v88internal25FunctionCallbackArguments4CallENS0_15CallHandlerInfoE+0x12f)[0xf4e54f]
node[0xf4edbd]
node(_ZN2v88internal21Builtin_HandleApiCallEiPmPNS0_7IsolateE+0x115)[0xf4f285]
node[0x1959df6]


At Sun Mar 29 21:31:28 2026


PID 351456 received SIGSEGV for address: 0x7b6443faa558
/home/godslayerakp/Documents/git-repos/RedMan13/RagNag/node_modules/segfault-raub/bin-linux/segfault.node(+0x1708f)[0x7b647845208f]
/lib/x86_64-linux-gnu/libc.so.6(+0x45330)[0x7b647c845330]
/lib/x86_64-linux-gnu/libwayland-client.so.0(+0x6245)[0x7b6443fcd245]
/lib/x86_64-linux-gnu/libwayland-client.so.0(+0x7568)[0x7b6443fce568]
/lib/x86_64-linux-gnu/libwayland-client.so.0(wl_display_disconnect+0x7a)[0x7b6443fce89a]
/home/godslayerakp/Documents/git-repos/RedMan13/RagNag/node_modules/glfw-raub/bin-linux/../../deps-opengl-raub/bin-linux/libglfw.so.3(+0x34af8)[0x7b644379eaf8]
/home/godslayerakp/Documents/git-repos/RedMan13/RagNag/node_modules/glfw-raub/bin-linux/../../deps-opengl-raub/bin-linux/libglfw.so.3(+0xf1b2)[0x7b64437791b2]
/home/godslayerakp/Documents/git-repos/RedMan13/RagNag/node_modules/glfw-raub/bin-linux/../../deps-opengl-raub/bin-linux/libglfw.so.3(glfwTerminate+0x17)[0x7b644377a0d3]
/lib/x86_64-linux-gnu/libc.so.6(+0x47a76)[0x7b647c847a76]
/lib/x86_64-linux-gnu/libc.so.6(+0x47bbe)[0x7b647c847bbe]
node(_ZN4node33DefaultProcessExitHandlerInternalEPNS_11EnvironmentENS_8ExitCodeE+0x6f)[0xbbf62f]
node(_ZN4node11Environment4ExitENS_8ExitCodeE+0x9f)[0xc1ef0f]
node(_ZN2v88internal25FunctionCallbackArguments4CallENS0_15CallHandlerInfoE+0x12f)[0xf4e54f]
node[0xf4edbd]
node(_ZN2v88internal21Builtin_HandleApiCallEiPmPNS0_7IsolateE+0x115)[0xf4f285]
node[0x1959df6]


At Sun Mar 29 21:33:12 2026


PID 351831 received SIGSEGV for address: 0x78722463e558
/home/godslayerakp/Documents/git-repos/RedMan13/RagNag/node_modules/segfault-raub/bin-linux/segfault.node(+0x1708f)[0x78722532d08f]
/lib/x86_64-linux-gnu/libc.so.6(+0x45330)[0x78724d845330]
/lib/x86_64-linux-gnu/libwayland-client.so.0(+0x6245)[0x7872246a5245]
/lib/x86_64-linux-gnu/libwayland-client.so.0(+0x7568)[0x7872246a6568]
/lib/x86_64-linux-gnu/libwayland-client.so.0(wl_display_disconnect+0x7a)[0x7872246a689a]
/home/godslayerakp/Documents/git-repos/RedMan13/RagNag/node_modules/glfw-raub/bin-linux/../../deps-opengl-raub/bin-linux/libglfw.so.3(+0x34af8)[0x7872246e3af8]
/home/godslayerakp/Documents/git-repos/RedMan13/RagNag/node_modules/glfw-raub/bin-linux/../../deps-opengl-raub/bin-linux/libglfw.so.3(+0xf1b2)[0x7872246be1b2]
/home/godslayerakp/Documents/git-repos/RedMan13/RagNag/node_modules/glfw-raub/bin-linux/../../deps-opengl-raub/bin-linux/libglfw.so.3(glfwTerminate+0x17)[0x7872246bf0d3]
/lib/x86_64-linux-gnu/libc.so.6(+0x47a76)[0x78724d847a76]
/lib/x86_64-linux-gnu/libc.so.6(+0x47bbe)[0x78724d847bbe]
node(_ZN4node33DefaultProcessExitHandlerInternalEPNS_11EnvironmentENS_8ExitCodeE+0x6f)[0xbbf62f]
node(_ZN4node11Environment4ExitENS_8ExitCodeE+0x9f)[0xc1ef0f]
node(_ZN2v88internal25FunctionCallbackArguments4CallENS0_15CallHandlerInfoE+0x12f)[0xf4e54f]
node[0xf4edbd]
node(_ZN2v88internal21Builtin_HandleApiCallEiPmPNS0_7IsolateE+0x115)[0xf4f285]
node[0x1959df6]


At Sun Mar 29 21:38:34 2026


PID 353842 received SIGSEGV for address: 0x7444ecb9f558
/home/godslayerakp/Documents/git-repos/RedMan13/RagNag/node_modules/segfault-raub/bin-linux/segfault.node(+0x1708f)[0x7444ede0208f]
/lib/x86_64-linux-gnu/libc.so.6(+0x45330)[0x744516245330]
/lib/x86_64-linux-gnu/libwayland-client.so.0(+0x6245)[0x7444ed17c245]
/lib/x86_64-linux-gnu/libwayland-client.so.0(+0x7568)[0x7444ed17d568]
/lib/x86_64-linux-gnu/libwayland-client.so.0(wl_display_disconnect+0x7a)[0x7444ed17d89a]
/home/godslayerakp/Documents/git-repos/RedMan13/RagNag/node_modules/glfw-raub/bin-linux/../../deps-opengl-raub/bin-linux/libglfw.so.3(+0x34af8)[0x7444ed1baaf8]
/home/godslayerakp/Documents/git-repos/RedMan13/RagNag/node_modules/glfw-raub/bin-linux/../../deps-opengl-raub/bin-linux/libglfw.so.3(+0xf1b2)[0x7444ed1951b2]
/home/godslayerakp/Documents/git-repos/RedMan13/RagNag/node_modules/glfw-raub/bin-linux/../../deps-opengl-raub/bin-linux/libglfw.so.3(glfwTerminate+0x17)[0x7444ed1960d3]
/lib/x86_64-linux-gnu/libc.so.6(+0x47a76)[0x744516247a76]
/lib/x86_64-linux-gnu/libc.so.6(+0x47bbe)[0x744516247bbe]
node(_ZN4node33DefaultProcessExitHandlerInternalEPNS_11EnvironmentENS_8ExitCodeE+0x6f)[0xbbf62f]
node(_ZN4node11Environment4ExitENS_8ExitCodeE+0x9f)[0xc1ef0f]
node(_ZN2v88internal25FunctionCallbackArguments4CallENS0_15CallHandlerInfoE+0x12f)[0xf4e54f]
node[0xf4edbd]
node(_ZN2v88internal21Builtin_HandleApiCallEiPmPNS0_7IsolateE+0x115)[0xf4f285]
node[0x1959df6]


At Sun Mar 29 21:38:53 2026


PID 354054 received SIGSEGV for address: 0x73b901c85558
/home/godslayerakp/Documents/git-repos/RedMan13/RagNag/node_modules/segfault-raub/bin-linux/segfault.node(+0x1708f)[0x73b90298108f]
/lib/x86_64-linux-gnu/libc.so.6(+0x45330)[0x73b932e45330]
/lib/x86_64-linux-gnu/libwayland-client.so.0(+0x6245)[0x73b901cec245]
/lib/x86_64-linux-gnu/libwayland-client.so.0(+0x7568)[0x73b901ced568]
/lib/x86_64-linux-gnu/libwayland-client.so.0(wl_display_disconnect+0x7a)[0x73b901ced89a]
/home/godslayerakp/Documents/git-repos/RedMan13/RagNag/node_modules/glfw-raub/bin-linux/../../deps-opengl-raub/bin-linux/libglfw.so.3(+0x34af8)[0x73b901d2aaf8]
/home/godslayerakp/Documents/git-repos/RedMan13/RagNag/node_modules/glfw-raub/bin-linux/../../deps-opengl-raub/bin-linux/libglfw.so.3(+0xf1b2)[0x73b901d051b2]
/home/godslayerakp/Documents/git-repos/RedMan13/RagNag/node_modules/glfw-raub/bin-linux/../../deps-opengl-raub/bin-linux/libglfw.so.3(glfwTerminate+0x17)[0x73b901d060d3]
/lib/x86_64-linux-gnu/libc.so.6(+0x47a76)[0x73b932e47a76]
/lib/x86_64-linux-gnu/libc.so.6(+0x47bbe)[0x73b932e47bbe]
node(_ZN4node33DefaultProcessExitHandlerInternalEPNS_11EnvironmentENS_8ExitCodeE+0x6f)[0xbbf62f]
node(_ZN4node11Environment4ExitENS_8ExitCodeE+0x9f)[0xc1ef0f]
node(_ZN2v88internal25FunctionCallbackArguments4CallENS0_15CallHandlerInfoE+0x12f)[0xf4e54f]
node[0xf4edbd]
node(_ZN2v88internal21Builtin_HandleApiCallEiPmPNS0_7IsolateE+0x115)[0xf4f285]
node[0x1959df6]


At Sun Mar 29 21:39:03 2026


PID 354210 received SIGSEGV for address: 0x709e8bcf5558
/home/godslayerakp/Documents/git-repos/RedMan13/RagNag/node_modules/segfault-raub/bin-linux/segfault.node(+0x1708f)[0x709ea09ef08f]
/lib/x86_64-linux-gnu/libc.so.6(+0x45330)[0x709ec8e45330]
/lib/x86_64-linux-gnu/libwayland-client.so.0(+0x6245)[0x709ea0011245]
/lib/x86_64-linux-gnu/libwayland-client.so.0(+0x7568)[0x709ea0012568]
/lib/x86_64-linux-gnu/libwayland-client.so.0(wl_display_disconnect+0x7a)[0x709ea001289a]
/home/godslayerakp/Documents/git-repos/RedMan13/RagNag/node_modules/glfw-raub/bin-linux/../../deps-opengl-raub/bin-linux/libglfw.so.3(+0x34af8)[0x709e8bd80af8]
/home/godslayerakp/Documents/git-repos/RedMan13/RagNag/node_modules/glfw-raub/bin-linux/../../deps-opengl-raub/bin-linux/libglfw.so.3(+0xf1b2)[0x709e8bd5b1b2]
/home/godslayerakp/Documents/git-repos/RedMan13/RagNag/node_modules/glfw-raub/bin-linux/../../deps-opengl-raub/bin-linux/libglfw.so.3(glfwTerminate+0x17)[0x709e8bd5c0d3]
/lib/x86_64-linux-gnu/libc.so.6(+0x47a76)[0x709ec8e47a76]
/lib/x86_64-linux-gnu/libc.so.6(+0x47bbe)[0x709ec8e47bbe]
node(_ZN4node33DefaultProcessExitHandlerInternalEPNS_11EnvironmentENS_8ExitCodeE+0x6f)[0xbbf62f]
node(_ZN4node11Environment4ExitENS_8ExitCodeE+0x9f)[0xc1ef0f]
node(_ZN2v88internal25FunctionCallbackArguments4CallENS0_15CallHandlerInfoE+0x12f)[0xf4e54f]
node[0xf4edbd]
node(_ZN2v88internal21Builtin_HandleApiCallEiPmPNS0_7IsolateE+0x115)[0xf4f285]
node[0x1959df6]


At Sun Mar 29 21:39:21 2026


PID 354419 received SIGSEGV for address: 0x787188bfe558
/home/godslayerakp/Documents/git-repos/RedMan13/RagNag/node_modules/segfault-raub/bin-linux/segfault.node(+0x1708f)[0x7871898f808f]
/lib/x86_64-linux-gnu/libc.so.6(+0x45330)[0x7871b1e45330]
/lib/x86_64-linux-gnu/libwayland-client.so.0(+0x6245)[0x787188c65245]
/lib/x86_64-linux-gnu/libwayland-client.so.0(+0x7568)[0x787188c66568]
/lib/x86_64-linux-gnu/libwayland-client.so.0(wl_display_disconnect+0x7a)[0x787188c6689a]
/home/godslayerakp/Documents/git-repos/RedMan13/RagNag/node_modules/glfw-raub/bin-linux/../../deps-opengl-raub/bin-linux/libglfw.so.3(+0x34af8)[0x787188ca3af8]
/home/godslayerakp/Documents/git-repos/RedMan13/RagNag/node_modules/glfw-raub/bin-linux/../../deps-opengl-raub/bin-linux/libglfw.so.3(+0xf1b2)[0x787188c7e1b2]
/home/godslayerakp/Documents/git-repos/RedMan13/RagNag/node_modules/glfw-raub/bin-linux/../../deps-opengl-raub/bin-linux/libglfw.so.3(glfwTerminate+0x17)[0x787188c7f0d3]
/lib/x86_64-linux-gnu/libc.so.6(+0x47a76)[0x7871b1e47a76]
/lib/x86_64-linux-gnu/libc.so.6(+0x47bbe)[0x7871b1e47bbe]
node(_ZN4node33DefaultProcessExitHandlerInternalEPNS_11EnvironmentENS_8ExitCodeE+0x6f)[0xbbf62f]
node(_ZN4node11Environment4ExitENS_8ExitCodeE+0x9f)[0xc1ef0f]
node(_ZN2v88internal25FunctionCallbackArguments4CallENS0_15CallHandlerInfoE+0x12f)[0xf4e54f]
node[0xf4edbd]
node(_ZN2v88internal21Builtin_HandleApiCallEiPmPNS0_7IsolateE+0x115)[0xf4f285]
node[0x1959df6]


At Sun Mar 29 21:42:03 2026


PID 355283 received SIGSEGV for address: 0x7d5cb8787558
/home/godslayerakp/Documents/git-repos/RedMan13/RagNag/node_modules/segfault-raub/bin-linux/segfault.node(+0x1708f)[0x7d5cb942908f]
/lib/x86_64-linux-gnu/libc.so.6(+0x45330)[0x7d5ce1845330]
/lib/x86_64-linux-gnu/libwayland-client.so.0(+0x6245)[0x7d5cb87a5245]
/lib/x86_64-linux-gnu/libwayland-client.so.0(+0x7568)[0x7d5cb87a6568]
/lib/x86_64-linux-gnu/libwayland-client.so.0(wl_display_disconnect+0x7a)[0x7d5cb87a689a]
/home/godslayerakp/Documents/git-repos/RedMan13/RagNag/node_modules/glfw-raub/bin-linux/../../deps-opengl-raub/bin-linux/libglfw.so.3(+0x34af8)[0x7d5cb87e3af8]
/home/godslayerakp/Documents/git-repos/RedMan13/RagNag/node_modules/glfw-raub/bin-linux/../../deps-opengl-raub/bin-linux/libglfw.so.3(+0xf1b2)[0x7d5cb87be1b2]
/home/godslayerakp/Documents/git-repos/RedMan13/RagNag/node_modules/glfw-raub/bin-linux/../../deps-opengl-raub/bin-linux/libglfw.so.3(glfwTerminate+0x17)[0x7d5cb87bf0d3]
/lib/x86_64-linux-gnu/libc.so.6(+0x47a76)[0x7d5ce1847a76]
/lib/x86_64-linux-gnu/libc.so.6(+0x47bbe)[0x7d5ce1847bbe]
node(_ZN4node33DefaultProcessExitHandlerInternalEPNS_11EnvironmentENS_8ExitCodeE+0x6f)[0xbbf62f]
node(_ZN4node11Environment4ExitENS_8ExitCodeE+0x9f)[0xc1ef0f]
node(_ZN2v88internal25FunctionCallbackArguments4CallENS0_15CallHandlerInfoE+0x12f)[0xf4e54f]
node[0xf4edbd]
node(_ZN2v88internal21Builtin_HandleApiCallEiPmPNS0_7IsolateE+0x115)[0xf4f285]
node[0x1959df6]


At Sun Mar 29 21:48:32 2026


PID 357044 received SIGSEGV for address: 0x77bf958de558
/home/godslayerakp/Documents/git-repos/RedMan13/RagNag/node_modules/segfault-raub/bin-linux/segfault.node(+0x1708f)[0x77bf965ba08f]
/lib/x86_64-linux-gnu/libc.so.6(+0x45330)[0x77bfc6a45330]
/lib/x86_64-linux-gnu/libwayland-client.so.0(+0x6245)[0x77bf95945245]
/lib/x86_64-linux-gnu/libwayland-client.so.0(+0x7568)[0x77bf95946568]
/lib/x86_64-linux-gnu/libwayland-client.so.0(wl_display_disconnect+0x7a)[0x77bf9594689a]
/home/godslayerakp/Documents/git-repos/RedMan13/RagNag/node_modules/glfw-raub/bin-linux/../../deps-opengl-raub/bin-linux/libglfw.so.3(+0x34af8)[0x77bf95983af8]
/home/godslayerakp/Documents/git-repos/RedMan13/RagNag/node_modules/glfw-raub/bin-linux/../../deps-opengl-raub/bin-linux/libglfw.so.3(+0xf1b2)[0x77bf9595e1b2]
/home/godslayerakp/Documents/git-repos/RedMan13/RagNag/node_modules/glfw-raub/bin-linux/../../deps-opengl-raub/bin-linux/libglfw.so.3(glfwTerminate+0x17)[0x77bf9595f0d3]
/lib/x86_64-linux-gnu/libc.so.6(+0x47a76)[0x77bfc6a47a76]
/lib/x86_64-linux-gnu/libc.so.6(+0x47bbe)[0x77bfc6a47bbe]
node(_ZN4node33DefaultProcessExitHandlerInternalEPNS_11EnvironmentENS_8ExitCodeE+0x6f)[0xbbf62f]
node(_ZN4node11Environment4ExitENS_8ExitCodeE+0x9f)[0xc1ef0f]
node(_ZN2v88internal25FunctionCallbackArguments4CallENS0_15CallHandlerInfoE+0x12f)[0xf4e54f]
node[0xf4edbd]
node(_ZN2v88internal21Builtin_HandleApiCallEiPmPNS0_7IsolateE+0x115)[0xf4f285]
node[0x1959df6]


At Sun Mar 29 21:49:38 2026


PID 357672 received SIGSEGV for address: 0x7f1e94fcb558
/home/godslayerakp/Documents/git-repos/RedMan13/RagNag/node_modules/segfault-raub/bin-linux/segfault.node(+0x1708f)[0x7f1e95cc408f]
/lib/x86_64-linux-gnu/libc.so.6(+0x45330)[0x7f1ebe245330]
/lib/x86_64-linux-gnu/libwayland-client.so.0(+0x6245)[0x7f1e95032245]
/lib/x86_64-linux-gnu/libwayland-client.so.0(+0x7568)[0x7f1e95033568]
/lib/x86_64-linux-gnu/libwayland-client.so.0(wl_display_disconnect+0x7a)[0x7f1e9503389a]
/home/godslayerakp/Documents/git-repos/RedMan13/RagNag/node_modules/glfw-raub/bin-linux/../../deps-opengl-raub/bin-linux/libglfw.so.3(+0x34af8)[0x7f1e95070af8]
/home/godslayerakp/Documents/git-repos/RedMan13/RagNag/node_modules/glfw-raub/bin-linux/../../deps-opengl-raub/bin-linux/libglfw.so.3(+0xf1b2)[0x7f1e9504b1b2]
/home/godslayerakp/Documents/git-repos/RedMan13/RagNag/node_modules/glfw-raub/bin-linux/../../deps-opengl-raub/bin-linux/libglfw.so.3(glfwTerminate+0x17)[0x7f1e9504c0d3]
/lib/x86_64-linux-gnu/libc.so.6(+0x47a76)[0x7f1ebe247a76]
/lib/x86_64-linux-gnu/libc.so.6(+0x47bbe)[0x7f1ebe247bbe]
node(_ZN4node33DefaultProcessExitHandlerInternalEPNS_11EnvironmentENS_8ExitCodeE+0x6f)[0xbbf62f]
node(_ZN4node11Environment4ExitENS_8ExitCodeE+0x9f)[0xc1ef0f]
node(_ZN2v88internal25FunctionCallbackArguments4CallENS0_15CallHandlerInfoE+0x12f)[0xf4e54f]
node[0xf4edbd]
node(_ZN2v88internal21Builtin_HandleApiCallEiPmPNS0_7IsolateE+0x115)[0xf4f285]
node[0x1959df6]


At Sun Mar 29 21:54:07 2026


PID 358963 received SIGSEGV for address: 0x7789d05cf558
/home/godslayerakp/Documents/git-repos/RedMan13/RagNag/node_modules/segfault-raub/bin-linux/segfault.node(+0x1708f)[0x7789d128008f]
/lib/x86_64-linux-gnu/libc.so.6(+0x45330)[0x7789f9845330]
/lib/x86_64-linux-gnu/libwayland-client.so.0(+0x6245)[0x7789d063b245]
/lib/x86_64-linux-gnu/libwayland-client.so.0(+0x7568)[0x7789d063c568]
/lib/x86_64-linux-gnu/libwayland-client.so.0(wl_display_disconnect+0x7a)[0x7789d063c89a]
/home/godslayerakp/Documents/git-repos/RedMan13/RagNag/node_modules/glfw-raub/bin-linux/../../deps-opengl-raub/bin-linux/libglfw.so.3(+0x34af8)[0x7789d0679af8]
/home/godslayerakp/Documents/git-repos/RedMan13/RagNag/node_modules/glfw-raub/bin-linux/../../deps-opengl-raub/bin-linux/libglfw.so.3(+0xf1b2)[0x7789d06541b2]
/home/godslayerakp/Documents/git-repos/RedMan13/RagNag/node_modules/glfw-raub/bin-linux/../../deps-opengl-raub/bin-linux/libglfw.so.3(glfwTerminate+0x17)[0x7789d06550d3]
/lib/x86_64-linux-gnu/libc.so.6(+0x47a76)[0x7789f9847a76]
/lib/x86_64-linux-gnu/libc.so.6(+0x47bbe)[0x7789f9847bbe]
node(_ZN4node33DefaultProcessExitHandlerInternalEPNS_11EnvironmentENS_8ExitCodeE+0x6f)[0xbbf62f]
node(_ZN4node11Environment4ExitENS_8ExitCodeE+0x9f)[0xc1ef0f]
node(_ZN2v88internal25FunctionCallbackArguments4CallENS0_15CallHandlerInfoE+0x12f)[0xf4e54f]
node[0xf4edbd]
node(_ZN2v88internal21Builtin_HandleApiCallEiPmPNS0_7IsolateE+0x115)[0xf4f285]
node[0x1959df6]


At Sun Mar 29 21:58:30 2026


PID 360789 received SIGSEGV for address: 0x7bea46817558
/home/godslayerakp/Documents/git-repos/RedMan13/RagNag/node_modules/segfault-raub/bin-linux/segfault.node(+0x1708f)[0x7bea47f9508f]
/lib/x86_64-linux-gnu/libc.so.6(+0x45330)[0x7bea7fa45330]
/lib/x86_64-linux-gnu/libwayland-client.so.0(+0x6245)[0x7bea46872245]
/lib/x86_64-linux-gnu/libwayland-client.so.0(+0x7568)[0x7bea46873568]
/lib/x86_64-linux-gnu/libwayland-client.so.0(wl_display_disconnect+0x7a)[0x7bea4687389a]
/home/godslayerakp/Documents/git-repos/RedMan13/RagNag/node_modules/glfw-raub/bin-linux/../../deps-opengl-raub/bin-linux/libglfw.so.3(+0x34af8)[0x7bea468b0af8]
/home/godslayerakp/Documents/git-repos/RedMan13/RagNag/node_modules/glfw-raub/bin-linux/../../deps-opengl-raub/bin-linux/libglfw.so.3(+0xf1b2)[0x7bea4688b1b2]
/home/godslayerakp/Documents/git-repos/RedMan13/RagNag/node_modules/glfw-raub/bin-linux/../../deps-opengl-raub/bin-linux/libglfw.so.3(glfwTerminate+0x17)[0x7bea4688c0d3]
/lib/x86_64-linux-gnu/libc.so.6(+0x47a76)[0x7bea7fa47a76]
/lib/x86_64-linux-gnu/libc.so.6(+0x47bbe)[0x7bea7fa47bbe]
node(_ZN4node33DefaultProcessExitHandlerInternalEPNS_11EnvironmentENS_8ExitCodeE+0x6f)[0xbbf62f]
node(_ZN4node11Environment4ExitENS_8ExitCodeE+0x9f)[0xc1ef0f]
node(_ZN2v88internal25FunctionCallbackArguments4CallENS0_15CallHandlerInfoE+0x12f)[0xf4e54f]
node[0xf4edbd]
node(_ZN2v88internal21Builtin_HandleApiCallEiPmPNS0_7IsolateE+0x115)[0xf4f285]
node[0x1959df6]
